[    0.000000] Initializing cgroup subsys cpuset
[    0.000000] Initializing cgroup subsys cpu
[    0.000000] Initializing cgroup subsys cpuacct
[    0.000000] Linux version 4.4.0-197-generic (buildd@lcy01-amd64-026) (gcc version 5.4.0 20160609 (Ubuntu 5.4.0-6ubuntu1~16.04.12) ) #229-Ubuntu SMP Wed Nov 25 11:05:42 UTC 2020 (Ubuntu 4.4.0-197.229-generic 4.4.241)
[    0.000000] Command line: BOOT_IMAGE=/boot/vmlinuz-4.4.0-197-generic root=LABEL=cloudimg-rootfs ro console=tty1 console=ttyS0
[    0.000000] KERNEL supported cpus:
[    0.000000]   Intel GenuineIntel
[    0.000000]   AMD AuthenticAMD
[    0.000000]   Centaur CentaurHauls
[    0.000000] x86/fpu: xstate_offset[2]:  576, xstate_sizes[2]:  256
[    0.000000] x86/fpu: Supporting XSAVE feature 0x01: 'x87 floating point registers'
[    0.000000] x86/fpu: Supporting XSAVE feature 0x02: 'SSE registers'
[    0.000000] x86/fpu: Supporting XSAVE feature 0x04: 'AVX registers'
[    0.000000] x86/fpu: Enabled xstate features 0x7, context size is 832 bytes, using 'standard' format.
[    0.000000] e820: BIOS-provided physical RAM map:
[    0.000000] BIOS-e820: [mem 0x0000000000000000-0x000000000009fbff] usable
[    0.000000] BIOS-e820: [mem 0x000000000009fc00-0x000000000009ffff] reserved
[    0.000000] BIOS-e820: [mem 0x00000000000f0000-0x00000000000fffff] reserved
[    0.000000] BIOS-e820: [mem 0x0000000000100000-0x000000001ffeffff] usable
[    0.000000] BIOS-e820: [mem 0x000000001fff0000-0x000000001fffffff] ACPI data
[    0.000000] BIOS-e820: [mem 0x00000000fec00000-0x00000000fec00fff] reserved
[    0.000000] BIOS-e820: [mem 0x00000000fee00000-0x00000000fee00fff] reserved
[    0.000000] BIOS-e820: [mem 0x00000000fffc0000-0x00000000ffffffff] reserved
[    0.000000] NX (Execute Disable) protection: active
[    0.000000] SMBIOS 2.5 present.
[    0.000000] Hypervisor detected: KVM
[    0.000000] e820: last_pfn = 0x1fff0 max_arch_pfn = 0x400000000
[    0.000000] MTRR: Disabled
[    0.000000] x86/PAT: MTRRs disabled, skipping PAT initialization too.
[    0.000000] CPU MTRRs all blank - virtualized system.
[    0.000000] x86/PAT: Configuration [0-7]: WB  WT  UC- UC  WB  WT  UC- UC  
[    0.000000] found SMP MP-table at [mem 0x0009fff0-0x0009ffff] mapped at [ffff88000009fff0]
[    0.000000] Scanning 1 areas for low memory corruption
[    0.000000] RAMDISK: [mem 0x1e943000-0x1f7cbfff]
[    0.000000] ACPI: Early table checksum verification disabled
[    0.000000] ACPI: RSDP 0x00000000000E0000 000024 (v02 VBOX  )
[    0.000000] ACPI: XSDT 0x000000001FFF0030 00003C (v01 VBOX   VBOXXSDT 00000001 ASL  00000061)
[    0.000000] ACPI: FACP 0x000000001FFF00F0 0000F4 (v04 VBOX   VBOXFACP 00000001 ASL  00000061)
[    0.000000] ACPI: DSDT 0x000000001FFF0470 002325 (v02 VBOX   VBOXBIOS 00000002 INTL 20190509)
[    0.000000] ACPI: FACS 0x000000001FFF0200 000040
[    0.000000] ACPI: FACS 0x000000001FFF0200 000040
[    0.000000] ACPI: APIC 0x000000001FFF0240 000054 (v02 VBOX   VBOXAPIC 00000001 ASL  00000061)
[    0.000000] ACPI: SSDT 0x000000001FFF02A0 0001CC (v01 VBOX   VBOXCPUT 00000002 INTL 20190509)
[    0.000000] No NUMA configuration found
[    0.000000] Faking a node at [mem 0x0000000000000000-0x000000001ffeffff]
[    0.000000] NODE_DATA(0) allocated [mem 0x1ffeb000-0x1ffeffff]
[    0.000000] kvm-clock: Using msrs 4b564d01 and 4b564d00
[    0.000000] kvm-clock: cpu 0, msr 0:1ffe3001, primary cpu clock
[    0.000000] kvm-clock: using sched offset of 2994184810 cycles
[    0.000000] clocksource: kvm-clock: mask: 0xffffffffffffffff max_cycles: 0x1cd42e4dffb, max_idle_ns: 881590591483 ns
[    0.000000] Zone ranges:
[    0.000000]   DMA      [mem 0x0000000000001000-0x0000000000ffffff]
[    0.000000]   DMA32    [mem 0x0000000001000000-0x000000001ffeffff]
[    0.000000]   Normal   empty
[    0.000000]   Device   empty
[    0.000000] Movable zone start for each node
[    0.000000] Early memory node ranges
[    0.000000]   node   0: [mem 0x0000000000001000-0x000000000009efff]
[    0.000000]   node   0: [mem 0x0000000000100000-0x000000001ffeffff]
[    0.000000] Initmem setup node 0 [mem 0x0000000000001000-0x000000001ffeffff]
[    0.000000] ACPI: PM-Timer IO Port: 0x4008
[    0.000000] IOAPIC[0]: apic_id 1, version 32, address 0xfec00000, GSI 0-23
[    0.000000] ACPI: INT_SRC_OVR (bus 0 bus_irq 0 global_irq 2 dfl dfl)
[    0.000000] ACPI: INT_SRC_OVR (bus 0 bus_irq 9 global_irq 9 low level)
[    0.000000] Using ACPI (MADT) for SMP configuration information
[    0.000000] smpboot: Allowing 1 CPUs, 0 hotplug CPUs
[    0.000000] PM: Registered nosave memory: [mem 0x00000000-0x00000fff]
[    0.000000] PM: Registered nosave memory: [mem 0x0009f000-0x0009ffff]
[    0.000000] PM: Registered nosave memory: [mem 0x000a0000-0x000effff]
[    0.000000] PM: Registered nosave memory: [mem 0x000f0000-0x000fffff]
[    0.000000] e820: [mem 0x20000000-0xfebfffff] available for PCI devices
[    0.000000] Booting paravirtualized kernel on KVM
[    0.000000] clocksource: refined-jiffies: mask: 0xffffffff max_cycles: 0xffffffff, max_idle_ns: 7645519600211568 ns
[    0.000000] setup_percpu: NR_CPUS:512 nr_cpumask_bits:512 nr_cpu_ids:1 nr_node_ids:1
[    0.000000] PERCPU: Embedded 33 pages/cpu @ffff88001fc00000 s95512 r8192 d31464 u2097152
[    0.000000] Built 1 zonelists in Node order, mobility grouping on.  Total pages: 128888
[    0.000000] Policy zone: DMA32
[    0.000000] Kernel command line: BOOT_IMAGE=/boot/vmlinuz-4.4.0-197-generic root=LABEL=cloudimg-rootfs ro console=tty1 console=ttyS0
[    0.000000] PID hash table entries: 2048 (order: 2, 16384 bytes)
[    0.000000] Memory: 481704K/523832K available (8637K kernel code, 1347K rwdata, 4032K rodata, 1492K init, 1296K bss, 42128K reserved, 0K cma-reserved)
[    0.000000] SLUB: HWalign=64, Order=0-3, MinObjects=0, CPUs=1, Nodes=1
[    0.000000] Kernel/User page tables isolation: enabled
[    0.000000] Hierarchical RCU implementation.
[    0.000000] 	Build-time adjustment of leaf fanout to 64.
[    0.000000] 	RCU restricting CPUs from NR_CPUS=512 to nr_cpu_ids=1.
[    0.000000] RCU: Adjusting geometry for rcu_fanout_leaf=64, nr_cpu_ids=1
[    0.000000] NR_IRQS:33024 nr_irqs:256 16
[    0.000000] Console: colour VGA+ 80x25
[    0.000000] console [tty1] enabled
[    0.000000] console [ttyS0] enabled
[    0.000000] tsc: Detected 2111.994 MHz processor
[    0.093026] Calibrating delay loop (skipped) preset value.. 4223.98 BogoMIPS (lpj=8447976)
[    0.094277] pid_max: default: 32768 minimum: 301
[    0.094913] ACPI: Core revision 20150930
[    0.096128] ACPI: 2 ACPI AML tables successfully acquired and loaded
[    0.097118] Security Framework initialized
[    0.097760] Yama: becoming mindful.
[    0.098285] AppArmor: AppArmor initialized
[    0.098940] Dentry cache hash table entries: 65536 (order: 7, 524288 bytes)
[    0.099882] Inode-cache hash table entries: 32768 (order: 6, 262144 bytes)
[    0.100831] Mount-cache hash table entries: 1024 (order: 1, 8192 bytes)
[    0.101712] Mountpoint-cache hash table entries: 1024 (order: 1, 8192 bytes)
[    0.102687] Initializing cgroup subsys io
[    0.103299] Initializing cgroup subsys memory
[    0.103905] Initializing cgroup subsys devices
[    0.104534] Initializing cgroup subsys freezer
[    0.105152] Initializing cgroup subsys net_cls
[    0.105863] Initializing cgroup subsys perf_event
[    0.106514] Initializing cgroup subsys net_prio
[    0.107155] Initializing cgroup subsys hugetlb
[    0.107768] Initializing cgroup subsys pids
[    0.109459] mce: CPU supports 0 MCE banks
[    0.110061] process: using mwait in idle threads
[    0.110696] Last level iTLB entries: 4KB 64, 2MB 8, 4MB 8
[    0.111451] Last level dTLB entries: 4KB 64, 2MB 0, 4MB 0, 1GB 4
[    0.112261] Spectre V1 : Mitigation: usercopy/swapgs barriers and __user pointer sanitization
[    0.113498] Spectre V2 : Mitigation: Full generic retpoline
[    0.114301] Spectre V2 : Spectre v2 / SpectreRSB mitigation: Filling RSB on context switch
[    0.115459] Speculative Store Bypass: Vulnerable
[    0.116111] SRBDS: Unknown: Dependent on hypervisor status
[    0.116914] MDS: Mitigation: Clear CPU buffers
[    0.136456] Freeing SMP alternatives memory: 36K
[    0.141765] ftrace: allocating 32346 entries in 127 pages
[    0.187000] smpboot: APIC(0) Converting physical 0 to logical package 0
[    0.187913] smpboot: Max logical packages: 1
[    0.188703] x2apic enabled
[    0.189307] Switched APIC routing to physical x2apic.
[    0.190771] ..TIMER: vector=0x30 apic1=0 pin1=2 apic2=-1 pin2=-1
[    0.299699] smpboot: CPU0: Intel(R) Core(TM) i7-8665U CPU @ 1.90GHz (family: 0x6, model: 0x8e, stepping: 0xc)
[    0.301233] Performance Events: unsupported p6 CPU model 142 no PMU driver, software events only.
[    0.310562] KVM setup paravirtual spinlock
[    0.311774] x86: Booted up 1 node, 1 CPUs
[    0.312387] smpboot: Total of 1 processors activated (4223.98 BogoMIPS)
[    0.313569] devtmpfs: initialized
[    0.316008] evm: security.selinux
[    0.316529] evm: security.SMACK64
[    0.317041] evm: security.SMACK64EXEC
[    0.318121] evm: security.SMACK64TRANSMUTE
[    0.319420] evm: security.SMACK64MMAP
[    0.320593] evm: security.ima
[    0.321356] evm: security.capability
[    0.322099] clocksource: jiffies: mask: 0xffffffff max_cycles: 0xffffffff, max_idle_ns: 7645041785100000 ns
[    0.323520] futex hash table entries: 256 (order: 2, 16384 bytes)
[    0.324452] pinctrl core: initialized pinctrl subsystem
[    0.325325] RTC time: 20:56:34, date: 01/03/21
[    0.326110] NET: Registered protocol family 16
[    0.326944] cpuidle: using governor ladder
[    0.327599] cpuidle: using governor menu
[    0.328207] PCCT header not found.
[    0.328858] ACPI: bus type PCI registered
[    0.329522] acpiphp: ACPI Hot Plug PCI Controller Driver version: 0.5
[    0.330433] PCI: Using configuration type 1 for base access
[    0.332374] ACPI: Added _OSI(Module Device)
[    0.332990] ACPI: Added _OSI(Processor Device)
[    0.333624] ACPI: Added _OSI(3.0 _SCP Extensions)
[    0.334280] ACPI: Added _OSI(Processor Aggregator Device)
[    0.335381] ACPI: Executed 1 blocks of module-level executable AML code
[    0.337648] ACPI: Interpreter enabled
[    0.338202] ACPI: (supports S0 S5)
[    0.338724] ACPI: Using IOAPIC for interrupt routing
[    0.339510] PCI: Using host bridge windows from ACPI; if necessary, use "pci=nocrs" and report a bug
[    0.342999] ACPI: PCI Root Bridge [PCI0] (domain 0000 [bus 00-ff])
[    0.343813] acpi PNP0A03:00: _OSC: OS supports [ASPM ClockPM Segments MSI]
[    0.344914] acpi PNP0A03:00: _OSC: not requesting OS control; OS requires [ExtendedConfig ASPM ClockPM MSI]
[    0.346218] acpi PNP0A03:00: fail to add MMCONFIG information, can't access extended PCI configuration space under this bridge.
[    0.347977] PCI host bridge to bus 0000:00
[    0.348624] pci_bus 0000:00: root bus resource [io  0x0000-0x0cf7 window]
[    0.349537] pci_bus 0000:00: root bus resource [io  0x0d00-0xffff window]
[    0.350467] pci_bus 0000:00: root bus resource [mem 0x000a0000-0x000bffff window]
[    0.351639] pci_bus 0000:00: root bus resource [mem 0x20000000-0xfdffffff window]
[    0.352777] pci_bus 0000:00: root bus resource [bus 00-ff]
[    0.354615] pci 0000:00:01.1: legacy IDE quirk: reg 0x10: [io  0x01f0-0x01f7]
[    0.355606] pci 0000:00:01.1: legacy IDE quirk: reg 0x14: [io  0x03f6]
[    0.356462] pci 0000:00:01.1: legacy IDE quirk: reg 0x18: [io  0x0170-0x0177]
[    0.357386] pci 0000:00:01.1: legacy IDE quirk: reg 0x1c: [io  0x0376]
[    0.370090] pci 0000:00:07.0: quirk: [io  0x4000-0x403f] claimed by PIIX4 ACPI
[    0.371167] pci 0000:00:07.0: quirk: [io  0x4100-0x410f] claimed by PIIX4 SMB
[    0.375408] ACPI: PCI Interrupt Link [LNKA] (IRQs 5 9 10 *11)
[    0.376657] ACPI: PCI Interrupt Link [LNKB] (IRQs 5 9 *10 11)
[    0.377737] ACPI: PCI Interrupt Link [LNKC] (IRQs 5 *9 10 11)
[    0.378810] ACPI: PCI Interrupt Link [LNKD] (IRQs 5 9 10 *11)
[    0.379950] ACPI: Enabled 2 GPEs in block 00 to 07
[    0.380859] vgaarb: setting as boot device: PCI:0000:00:02.0
[    0.381621] vgaarb: device added: PCI:0000:00:02.0,decodes=io+mem,owns=io+mem,locks=none
[    0.382854] vgaarb: loaded
[    0.383384] vgaarb: bridge control possible 0000:00:02.0
[    0.384460] SCSI subsystem initialized
[    0.385115] ACPI: bus type USB registered
[    0.385745] usbcore: registered new interface driver usbfs
[    0.386485] usbcore: registered new interface driver hub
[    0.387212] usbcore: registered new device driver usb
[    0.388040] PCI: Using ACPI for IRQ routing
[    0.388836] NetLabel: Initializing
[    0.389361] NetLabel:  domain hash size = 128
[    0.389979] NetLabel:  protocols = UNLABELED CIPSOv4
[    0.390667] NetLabel:  unlabeled traffic allowed by default
[    0.391461] amd_nb: Cannot enumerate AMD northbridges
[    0.392189] clocksource: Switched to clocksource kvm-clock
[    0.396639] AppArmor: AppArmor Filesystem Enabled
[    0.397440] pnp: PnP ACPI init
[    0.398414] pnp: PnP ACPI: found 3 devices
[    0.404237] clocksource: acpi_pm: mask: 0xffffff max_cycles: 0xffffff, max_idle_ns: 2085701024 ns
[    0.405582] NET: Registered protocol family 2
[    0.406434] TCP established hash table entries: 4096 (order: 3, 32768 bytes)
[    0.407355] TCP bind hash table entries: 4096 (order: 4, 65536 bytes)
[    0.408268] TCP: Hash tables configured (established 4096 bind 4096)
[    0.409236] UDP hash table entries: 256 (order: 1, 8192 bytes)
[    0.410007] UDP-Lite hash table entries: 256 (order: 1, 8192 bytes)
[    0.410838] NET: Registered protocol family 1
[    0.411465] pci 0000:00:00.0: Limiting direct PCI/PCI transfers
[    0.412271] pci 0000:00:01.0: Activating ISA DMA hang workarounds
[    0.413169] Unpacking initramfs...
[    0.576848] Freeing initrd memory: 14884K
[    0.577617] clocksource: tsc: mask: 0xffffffffffffffff max_cycles: 0x1e7172f02f0, max_idle_ns: 440795291996 ns
[    0.579001] platform rtc_cmos: registered platform RTC device (no PNP device found)
[    0.580117] Scanning for low memory corruption every 60 seconds
[    0.581348] audit: initializing netlink subsys (disabled)
[    0.582088] audit: type=2000 audit(1609707398.861:1): initialized
[    0.583079] Initialise system trusted keyring
[    0.583752] HugeTLB registered 2 MB page size, pre-allocated 0 pages
[    0.585378] zbud: loaded
[    0.586038] VFS: Disk quotas dquot_6.6.0
[    0.586627] VFS: Dquot-cache hash table entries: 512 (order 0, 4096 bytes)
[    0.587646] squashfs: version 4.0 (2009/01/31) Phillip Lougher
[    0.588549] fuse init (API version 7.23)
[    0.589226] Key type big_key registered
[    0.590305] Allocating IMA MOK and blacklist keyrings.
[    0.591776] Key type asymmetric registered
[    0.592941] Asymmetric key parser 'x509' registered
[    0.593730] Block layer SCSI generic (bsg) driver version 0.4 loaded (major 249)
[    0.594818] io scheduler noop registered
[    0.595436] io scheduler deadline registered (default)
[    0.596139] io scheduler cfq registered
[    0.596812] pci_hotplug: PCI Hot Plug PCI Core version: 0.5
[    0.597568] pciehp: PCI Express Hot Plug Controller Driver version: 0.4
[    0.598504] ACPI: AC Adapter [AC] (on-line)
[    0.599144] input: Power Button as /devices/LNXSYSTM:00/LNXPWRBN:00/input/input0
[    0.600201] ACPI: Power Button [PWRF]
[    0.600832] input: Sleep Button as /devices/LNXSYSTM:00/LNXSLPBN:00/input/input1
[    0.601977] ACPI: Sleep Button [SLPF]
[    0.603022] ACPI: Battery Slot [BAT0] (battery present)
[    0.603823] GHES: HEST is not enabled!
[    0.604539] Serial: 8250/16550 driver, 32 ports, IRQ sharing enabled
[    0.625892] 00:02: ttyS0 at I/O 0x3f8 (irq = 4, base_baud = 115200) is a 16550A
[    0.627811] Linux agpgart interface v0.103
[    0.629530] loop: module loaded
[    0.630512] scsi host0: ata_piix
[    0.631083] scsi host1: ata_piix
[    0.631690] ata1: PATA max UDMA/33 cmd 0x1f0 ctl 0x3f6 bmdma 0xd000 irq 14
[    0.632693] ata2: PATA max UDMA/33 cmd 0x170 ctl 0x376 bmdma 0xd008 irq 15
[    0.634017] libphy: Fixed MDIO Bus: probed
[    0.634686] tun: Universal TUN/TAP device driver, 1.6
[    0.635447] tun: (C) 1999-2004 Max Krasnyansky <maxk@qualcomm.com>
[    0.636380] PPP generic driver version 2.4.2
[    0.637117] ehci_hcd: USB 2.0 'Enhanced' Host Controller (EHCI) Driver
[    0.637968] ehci-pci: EHCI PCI platform driver
[    0.638608] ehci-platform: EHCI generic platform driver
[    0.639327] ohci_hcd: USB 1.1 'Open' Host Controller (OHCI) Driver
[    0.640137] ohci-pci: OHCI PCI platform driver
[    0.640795] ohci-platform: OHCI generic platform driver
[    0.641514] uhci_hcd: USB Universal Host Controller Interface driver
[    0.642455] i8042: PNP: PS/2 Controller [PNP0303:PS2K,PNP0f03:PS2M] at 0x60,0x64 irq 1,12
[    0.644008] serio: i8042 KBD port at 0x60,0x64 irq 1
[    0.644725] serio: i8042 AUX port at 0x60,0x64 irq 12
[    0.645492] mousedev: PS/2 mouse device common for all mice
[    0.646430] input: AT Translated Set 2 keyboard as /devices/platform/i8042/serio0/input/input2
[    0.648022] rtc_cmos rtc_cmos: rtc core: registered rtc_cmos as rtc0
[    0.648907] rtc_cmos rtc_cmos: alarms up to one day, 114 bytes nvram
[    0.649747] i2c /dev entries driver
[    0.650314] device-mapper: uevent: version 1.0.3
[    0.651011] device-mapper: ioctl: 4.34.0-ioctl (2015-10-28) initialised: dm-devel@redhat.com
[    0.652193] ledtrig-cpu: registered to indicate activity on CPUs
[    0.653195] NET: Registered protocol family 10
[    0.653966] NET: Registered protocol family 17
[    0.654606] Key type dns_resolver registered
[    0.655357] registered taskstats version 1
[    0.655964] Loading compiled-in X.509 certificates
[    0.657059] Loaded X.509 cert 'Build time autogenerated kernel key: 34492021b4051d5295bb5f61ac4b8fe0de34ccb2'
[    0.658528] zswap: loaded using pool lzo/zbud
[    0.660255] Key type trusted registered
[    0.662584] Key type encrypted registered
[    0.663279] AppArmor: AppArmor sha1 policy hashing enabled
[    0.664128] ima: No TPM chip found, activating TPM-bypass!
[    0.664968] ima: Allocated hash algorithm: sha1
[    0.665654] evm: HMAC attrs: 0x1
[    0.666430]   Magic number: 5:207:952
[    0.667063] tty tty9: hash matches
[    0.667687] rtc_cmos rtc_cmos: setting system clock to 2021-01-03 20:56:34 UTC (1609707394)
[    0.668984] BIOS EDD facility v0.16 2004-Jun-25, 0 devices found
[    0.669785] EDD information not available.
[    0.819254] Freeing unused kernel memory: 1492K
[    0.821167] Write protecting the kernel read-only data: 14336k
[    0.823949] Freeing unused kernel memory: 1592K
[    0.825632] Freeing unused kernel memory: 64K
Loading, please wait...
starting version 229
[    0.840170] random: udevadm: uninitialized urandom read (16 bytes read, 3 bits of entropy available)
[    0.842400] random: systemd-udevd: uninitialized urandom read (16 bytes read, 3 bits of entropy available)
[    0.844186] random: systemd-udevd: uninitialized urandom read (16 bytes read, 3 bits of entropy available)
[    0.845831] random: systemd-udevd: uninitialized urandom read (16 bytes read, 3 bits of entropy available)
[    0.847397] random: systemd-udevd: uninitialized urandom read (16 bytes read, 3 bits of entropy available)
[    0.848978] random: udevadm: uninitialized urandom read (16 bytes read, 3 bits of entropy available)
[    0.855161] random: systemd-udevd: uninitialized urandom read (16 bytes read, 3 bits of entropy available)
[    0.856487] random: systemd-udevd: uninitialized urandom read (16 bytes read, 3 bits of entropy available)
[    0.857826] random: systemd-udevd: uninitialized urandom read (16 bytes read, 3 bits of entropy available)
[    0.860500] random: systemd-udevd: uninitialized urandom read (16 bytes read, 3 bits of entropy available)
[    0.912968] e1000: Intel(R) PRO/1000 Network Driver - version 7.3.21-k8-NAPI
[    0.913927] e1000: Copyright (c) 1999-2006 Intel Corporation.
[    0.918340] Fusion MPT base driver 3.04.20
[    0.918952] Copyright (c) 1999-2008 LSI Corporation
[    0.926465] Fusion MPT SPI Host driver 3.04.20
[    0.947982] AVX2 version of gcm_enc/dec engaged.
[    0.948813] AES CTR mode by8 optimization enabled
[    1.126734] input: ImExPS/2 Generic Explorer Mouse as /devices/platform/i8042/serio1/input/input4
[    1.263610] e1000 0000:00:03.0 eth0: (PCI:33MHz:32-bit) 02:8b:9b:7c:43:4a
[    1.264658] e1000 0000:00:03.0 eth0: Intel(R) PRO/1000 Network Connection
[    1.266194] mptbase: ioc0: Initiating bringup
[    1.329052] ioc0: LSI53C1030 A0: Capabilities={Initiator}
[    1.496812] scsi host2: ioc0: LSI53C1030 A0, FwRev=00000000h, Ports=1, MaxQ=256, IRQ=20
[    1.616463] scsi 2:0:0:0: Direct-Access     VBOX     HARDDISK         1.0  PQ: 0 ANSI: 5
[    1.621591] scsi target2:0:0: Beginning Domain Validation
[    1.629072] scsi target2:0:0: Domain Validation skipping write tests
[    1.632912] scsi target2:0:0: Ending Domain Validation
[    1.636063] scsi target2:0:0: asynchronous
[    1.639523] scsi 2:0:1:0: Direct-Access     VBOX     HARDDISK         1.0  PQ: 0 ANSI: 5
[    1.648497] scsi target2:0:1: Beginning Domain Validation
[    1.709848] scsi target2:0:1: Domain Validation skipping write tests
[    1.710752] scsi target2:0:1: Ending Domain Validation
[    1.715284] scsi target2:0:1: asynchronous
[    1.853609] sd 2:0:0:0: Attached scsi generic sg0 type 0
[    1.854467] sd 2:0:0:0: [sda] 20971520 512-byte logical blocks: (10.7 GB/10.0 GiB)
[    1.855837] sd 2:0:1:0: [sdb] 20480 512-byte logical blocks: (10.5 MB/10.0 MiB)
[    1.857080] sd 2:0:1:0: Attached scsi generic sg1 type 0
[    1.858088] sd 2:0:0:0: [sda] Write Protect is off
[    1.858843] sd 2:0:1:0: [sdb] Write Protect is off
[    1.859474] sd 2:0:0:0: [sda] Incomplete mode parameter data
[    1.860337] sd 2:0:0:0: [sda] Assuming drive cache: write through
[    1.861340] sd 2:0:1:0: [sdb] Incomplete mode parameter data
[    1.862083] sd 2:0:1:0: [sdb] Assuming drive cache: write through
[    1.867699]  sda: sda1
[    1.868824] sd 2:0:0:0: [sda] Attached SCSI disk
[    1.869507] sd 2:0:1:0: [sdb] Attached SCSI disk
[    1.974940] e1000 0000:00:08.0 eth1: (PCI:33MHz:32-bit) 08:00:27:c7:bc:4e
[    1.975786] e1000 0000:00:08.0 eth1: Intel(R) PRO/1000 Network Connection
[    1.977294] e1000 0000:00:08.0 enp0s8: renamed from eth1
[    1.979042] e1000 0000:00:03.0 enp0s3: renamed from eth0
Begin: Loading essential drivers ... [    3.190851] md: linear personality registered for level -1
[    3.193820] md: multipath personality registered for level -4
[    3.196715] md: raid0 personality registered for level 0
[    3.200363] md: raid1 personality registered for level 1
[    3.280256] raid6: sse2x1   gen() 12763 MB/s
[    3.361801] raid6: sse2x1   xor()  8742 MB/s
[    3.452890] raid6: sse2x2   gen() 19096 MB/s
[    3.536767] raid6: sse2x2   xor() 12569 MB/s
[    3.617297] raid6: sse2x4   gen() 18818 MB/s
[    3.685648] raid6: sse2x4   xor() 12249 MB/s
[    3.765463] raid6: avx2x1   gen() 25226 MB/s
[    3.859859] raid6: avx2x2   gen() 39614 MB/s
[    3.955809] raid6: avx2x4   gen() 45026 MB/s
[    3.956469] raid6: using algorithm avx2x4 gen() 45026 MB/s
[    3.957178] raid6: using avx2x2 recovery algorithm
[    3.959510] xor: automatically using best checksumming function:
[    4.103252]    avx       : 133480.000 MB/sec
[    4.105549] async_tx: api initialized (async)
[    4.116312] md: raid6 personality registered for level 6
[    4.117096] md: raid5 personality registered for level 5
[    4.117805] md: raid4 personality registered for level 4
[    4.123174] md: raid10 personality registered for level 10
done.
Begin: Running /scripts/init-premount ... done.
Begin: Mounting root file system ... Begin: Running /scripts/local-top ... done.
Begin: Running /scripts/local-premount ... [    4.149772] Btrfs loaded
Scanning for Btrfs filesystems
done.
Warning: fsck not present, so skipping root file system
[    4.178212] EXT4-fs (sda1): INFO: recovery required on readonly filesystem
[    4.179002] EXT4-fs (sda1): write access will be enabled during recovery
[    4.196967] EXT4-fs (sda1): recovery complete
[    4.197793] EXT4-fs (sda1): mounted filesystem with ordered data mode. Opts: (null)
done.
Begin: Running /scripts/local-bottom ... done.
Begin: Running /scripts/init-bottom ... done.
[    4.254506] systemd[1]: systemd 229 running in system mode. (+PAM +AUDIT +SELINUX +IMA +APPARMOR +SMACK +SYSVINIT +UTMP +LIBCRYPTSETUP +GCRYPT +GNUTLS +ACL +XZ -LZ4 +SECCOMP +BLKID +ELFUTILS +KMOD -IDN)
[    4.256638] systemd[1]: Detected virtualization oracle.
[    4.257403] systemd[1]: Detected architecture x86-64.

Welcome to [1mUbuntu 16.04.7 LTS[0m!

[    4.264809] systemd[1]: Set hostname to <lab2>.
[    4.352208] systemd[1]: Set up automount Arbitrary Executable File Formats File System Automount Point.
[[0;32m  OK  [0m] Set up automount Arbitrary Executab...ats File System Automount Point.
[    4.354411] systemd[1]: Listening on Journal Socket (/dev/log).
[[0;32m  OK  [0m] Listening on Journal Socket (/dev/log).
[    4.356128] systemd[1]: Created slice User and Session Slice.
[[0;32m  OK  [0m] Created slice User and Session Slice.
[    4.357737] systemd[1]: Listening on LVM2 poll daemon socket.
[[0;32m  OK  [0m] Listening on LVM2 poll daemon socket.
[    4.359498] systemd[1]: Started Trigger resolvconf update for networkd DNS.
[[0;32m  OK  [0m] Started Trigger resolvconf update for networkd DNS.
[    4.361467] systemd[1]: Created slice System Slice.
[[0;32m  OK  [0m] Created slice System Slice.
[    4.368941] systemd[1]: Created slice system-serial\x2dgetty.slice.
[[0;32m  OK  [0m] Created slice system-serial\x2dgetty.slice.
[    4.372557] systemd[1]: Listening on Journal Audit Socket.
[[0;32m  OK  [0m] Listening on Journal Audit Socket.
[    4.376166] systemd[1]: Listening on LVM2 metadata daemon socket.
[[0;32m  OK  [0m] Listening on LVM2 metadata daemon socket.
[    4.380424] systemd[1]: Listening on udev Control Socket.
[[0;32m  OK  [0m] Listening on udev Control Socket.
[    4.383706] systemd[1]: Reached target System Time Synchronized.
[[0;32m  OK  [0m] Reached target System Time Synchronized.
[    4.386682] systemd[1]: Reached target Slices.
[[0;32m  OK  [0m] Reached target Slices.
[    4.389678] systemd[1]: Listening on Device-mapper event daemon FIFOs.
[[0;32m  OK  [0m] Listening on Device-mapper event daemon FIFOs.
[    4.393361] systemd[1]: Listening on /dev/initctl Compatibility Named Pipe.
[[0;32m  OK  [0m] Listening on /dev/initctl Compatibility Named Pipe.
[    4.404403] systemd[1]: Reached target Swap.
[[0;32m  OK  [0m] Reached target Swap.
[    4.406229] systemd[1]: Reached target Encrypted Volumes.
[[0;32m  OK  [0m] Reached target Encrypted Volumes.
[    4.408503] systemd[1]: Listening on Syslog Socket.
[[0;32m  OK  [0m] Listening on Syslog Socket.
[    4.416400] systemd[1]: Reached target User and Group Name Lookups.
[[0;32m  OK  [0m] Reached target User and Group Name Lookups.
[    4.419069] systemd[1]: Started Forward Password Requests to Wall Directory Watch.
[[0;32m  OK  [0m] Started Forward Password Requests to Wall Directory Watch.
[    4.422209] systemd[1]: Listening on Journal Socket.
[[0;32m  OK  [0m] Listening on Journal Socket.
[    4.425007] systemd[1]: Mounting POSIX Message Queue File System...
         Mounting POSIX Message Queue File System...
[    4.433943] systemd[1]: Starting Set console keymap...
         Starting Set console keymap...
[    4.437988] systemd[1]: Starting Journal Service...
         Starting Journal Service...
[    4.447129] systemd[1]: Starting Monitoring of LVM2 mirrors, snapshots etc. using dmeventd or progress polling...
         Starting Monitoring of LVM2 mirrors... dmeventd or progress polling...
[    4.458977] systemd[1]: Starting Nameserver information manager...
         Starting Nameserver information manager...
[    4.464229] systemd[1]: Starting Load Kernel Modules...
         Starting Load Kernel Modules...
[    4.467522] systemd[1]: Starting Remount Root and Kernel File Systems...
         Starting Remount Root and Kernel File Systems...
[    4.473501] systemd[1]: Mounting Huge Pages File System...
         Mounting Huge Pages File System...
[    4.477954] EXT4-fs (sda1): re-mounted. Opts: (null)
[    4.479712] systemd[1]: Mounting Debug File System...
[    4.483733] Loading iSCSI transport class v2.0-870.
         Mounting Debug File System...
[    4.485555] systemd[1]: Listening on udev Kernel Socket.
[[0;32m  OK  [0m] Listening on udev Kernel Socket.
[    4.488778] systemd[1]: Starting Create list of required static device nodes for the current kernel...
         Starting Create list of required st... nodes for the current kernel...
[    4.498288] systemd[1]: Mounted POSIX Message Queue File System.
[[0;32m  OK  [0m] Mounted POSIX Message Queue File System.
[    4.500131] systemd[1]: Mounted Debug File System.
[[0;32m  OK  [0m] Mounted Debug File System.
[    4.502951] systemd[1]: Mounted Huge Pages File System.
[[0;32m  OK  [0m] Mounted Huge Pages File System.
[    4.507251] systemd[1]: Started Journal Service.
[[0;32m  OK  [0m] Started Journal Service.
[    4.526633] iscsi: registered transport (tcp)
[[0;32m  OK  [0m] Started Remount Root and Kernel File Systems.
[[0;32m  OK  [0m] Started Create list of required sta...ce nodes for the current kernel.
[[0;32m  OK  [0m] Started LVM2 metadata daemon.
         Starting Create Static Device Nodes in /dev...
         Starting Load/Save Random Seed...
         Starting udev Coldplug all Devices...
         Starting Flush Journal to Persistent Storage...
[[0;32m  OK  [0m] Started Nameserver information manager.
[[0;32m  OK  [0m] Started Load/Save Random Seed.
[    4.567100] systemd-journald[373]: Received request to flush runtime journal from PID 1
[[0;32m  OK  [0m] Started Flush Journal to Persistent Storage.
[[0;32m  OK  [0m] Started Set console keymap.
[[0;32m  OK  [0m] Started Create Static Device Nodes in /dev.
         Starting udev Kernel Device Manager...
[[0;32m  OK  [0m] Started udev Kernel Device Manager.
[    4.609303] iscsi: registered transport (iser)
[[0;32m  OK  [0m[    4.613670] random: nonblocking pool is initialized
] Started Load Kernel Modules.
         Starting Apply Kernel Variables...
         Mounting FUSE Control File System...
[[0;32m  OK  [0m] Mounted FUSE Control File System.
[[0;32m  OK  [0m] Started Apply Kernel Variables.
[[0;32m  OK  [0m] Started udev Coldplug all Devices.
[[0;32m  OK  [0m] Started Dispatch Password Requests to Console Directory Watch.
[[0;32m  OK  [0m] Found device /dev/ttyS0.
[[0;32m  OK  [0m] Listening on Load/Save RF Kill Switch Status /dev/rfkill Watch.
[[0;32m  OK  [0m] Found device 82540EM Gigabit Ethern...r (PRO/1000 MT Desktop Adapter).
[[0;32m  OK  [0m] Started Monitoring of LVM2 mirrors,...ng dmeventd or progress polling.
[[0;32m  OK  [0m] Found device 82540EM Gigabit Ethern...r (PRO/1000 MT Desktop Adapter).
[[0;32m  OK  [0m] Reached target Local File Systems (Pre).
         Mounting /vagrant...
[[0;32m  OK  [0m] Reached target Local File Systems.
         Starting Tell Plymouth To Write Out Runtime Data...
         Starting Set console font and keymap...
         Starting Create Volatile Files and Directories...
         Starting Initial cloud-init job (pre-networking)...
         Starting LSB: AppArmor initialization...
[[0;1;31mFAILED[0m] Failed to mount /vagrant.
See 'systemctl status vagrant.mount' for details.
[[0;32m  OK  [0m] Started Tell Plymouth To Write Out Runtime Data.
[[0;32m  OK  [0m] Started Create Volatile Files and Directories.
         Starting Update UTMP about System Boot/Shutdown...
[[0;32m  OK  [0m] Started Update UTMP about System Boot/Shutdown.
[[0;32m  OK  [0m] Started LSB: AppArmor initialization.
         Starting Load AppArmor profiles managed internally by snapd...
[[0;32m  OK  [0m] Started Load AppArmor profiles managed internally by snapd.
[[0;32m  OK  [0m] Started Set console font and keymap.
[[0;32m  OK  [0m] Created slice system-getty.slice.
[    5.775446] cloud-init[632]: Cloud-init v. 20.3-2-g371b392c-0ubuntu1~16.04.1 running 'init-local' at Sun, 03 Jan 2021 20:56:39 +0000. Up 5.62 seconds.
[[0;32m  OK  [0m] Started Initial cloud-init job (pre-networking).
[[0;32m  OK  [0m] Reached target Network (Pre).
[[0;32m  OK  [0m] Started ifup for enp0s3.
         Starting Raise network interfaces...
[[0;32m  OK  [0m] Started ifup for enp0s8.
[[0;32m  OK  [0m] Started Raise network interfaces.
[[0;32m  OK  [0m] Reached target Network.
         Starting Initial cloud-init job (metadata service crawler)...
[    6.275792] cloud-init[1083]: Cloud-init v. 20.3-2-g371b392c-0ubuntu1~16.04.1 running 'init' at Sun, 03 Jan 2021 20:56:40 +0000. Up 6.11 seconds.
[    6.277251] cloud-init[1083]: ci-info: ++++++++++++++++++++++++++++++++++++++Net device info+++++++++++++++++++++++++++++++++++++++
[    6.295454] cloud-init[1083]: ci-info: +--------+------+-----------------------------+---------------+--------+-------------------+
[    6.296433] cloud-init[1083]: ci-info: | Device |  Up  |           Address           |      Mask     | Scope  |     Hw-Address    |
[    6.297388] cloud-init[1083]: ci-info: +--------+------+-----------------------------+---------------+--------+-------------------+
[    6.298691] cloud-init[1083]: ci-info: | enp0s3 | True |          10.0.2.15          | 255.255.255.0 | global | 02:8b:9b:7c:43:4a |
[    6.300543] cloud-init[1083]: ci-info: | enp0s3 | True |  fe80::8b:9bff:fe7c:434a/64 |       .       |  link  | 02:8b:9b:7c:43:4a |
[    6.304176] cloud-init[1083]: ci-info: | enp0s8 | True |        172.16.16.102        | 255.255.255.0 | global | 08:00:27:c7:bc:4e |
[    6.308230] cloud-init[1083]: ci-info: | enp0s8 | True | fe80::a00:27ff:fec7:bc4e/64 |       .       |  link  | 08:00:27:c7:bc:4e |
[    6.309573] cloud-init[1083]: ci-info: |   lo   | True |          127.0.0.1          |   255.0.0.0   |  host  |         .         |
[    6.314041] cloud-init[1083]: ci-info: |   lo   | True |           ::1/128           |       .       |  host  |         .         |
[    6.315417] cloud-init[1083]: ci-info: +--------+------+-----------------------------+---------------+--------+-------------------+
[    6.316803] cloud-init[1083]: ci-info: +++++++++++++++++++++++++++Route IPv4 info++++++++++++++++++++++++++++
[    6.324363] cloud-init[1083]: ci-info: +-------+-------------+----------+---------------+-----------+-------+
[    6.325162] cloud-init[1083]: ci-info: | Route | Destination | Gateway  |    Genmask    | Interface | Flags |
[[0;32m  OK  [0m] Started Initial cloud-init job (metadata service crawler).
[[0;32m  OK  [0m] Reached target System Initialization.
[[0;32m  OK  [0m] Listening on ACPID Listen Socket.
[    6.327369] cloud-init[1083]: ci-info: +-------+-------------+----------+---------------+-----------+-------+
[    6.334002] cloud-init[1083]: ci-info: |   0   |   0.0.0.0   | 10.0.2.2 |    0.0.0.0    |   enp0s3  |   UG  |
[    6.334770] cloud-init[1083]: ci-info: |   1   |   10.0.2.0  | 0.0.0.0  | 255.255.255.0 |   enp0s3  |   U   |[[0;32m  OK  [0m] Started Message of the Day.
         Starting Socket activation for snappy daemon.
[[0;32m  OK  [0m] Listening on UUID daemon activation socket.
[[0;32m  OK  [0m] Started Daily Cleanup of Temporary Directories.
[[0;32m  OK  [0m] Started Daily apt download activities.
[[0;32m  OK  [0m] Started Daily apt upgrade and clean activities.

[    6.339282] cloud-init[1083]: ci-info: |   2   | 172.16.16.0 | 0.0.0.0  | 255.255.255.0 |   enp0s8  |   U   |
[    6.340082] cloud-init[1083]: ci-info: +-------+-------------+----------+---------------+-----------+-------+
[    6.341140] cloud-init[1083]: ci-info: +++++++++++++++++++Route IPv6 info+++++++++++++++++++
[    6.342203] [[0;32m  OK  [0m] Started ACPI Events Check.
[[0;32m  OK  [0m] Reached target Paths.
[[0;32m  OK  [0m] Reached target Timers.
[[0;32m  OK  [0m] Listening on D-Bus System Message Bus Socket.
         cloud-init[1083]: ci-info: +-------+-------------+---------+-----------+-------+
[    6.344620] cloud-init[1083]: ci-info: | Route | Destination | Gateway | Interface | Flags |
[    6.345417] cloud-init[1083]: ci-info: +-------+-------------+---------+-----------+-------+
[    6.345987] cloud-init[1083]: ci-info: |   0   |  fe80::/64  |    ::   |   enp0s8  |   U   |
[    6.346721] cloud-init[1083]: ci-info: |   1   |  fe80::/64  |    ::   |   enp0s3  |   U   |
[    6.347252] cloud-init[1083]: ci-info: |   4   |   ff00::/8  |    ::   |   enp0s8  |   U   |
[    6.348018] Starting LXD - unix socket.
[[0;32m  OK  [0m] Reached target Network is Online.
         Starting iSCSI initiator daemon (iscsid)...
[[0;32m  OK  [0m] Reached target Cloud-config availability.
[[0;32m  OK  [0m] Listening on Socket activation for snappy daemon.
[[0;32m  OK  [0m] Listening on LXD - unix socket.
[[0;32m  OK  [0m] Reached target Sockets.
[[0;32m  OK  [0m] Reached target Basic System.
cloud-init[1083]: ci-info: |   5   |   ff00::/8  |    ::   |   enp0s3  |   U   |
[    6.353285] cloud-init[1083]: ci-info: +-------+-------------+---------+-----------+-------+
[[0;32m  OK  [0m] Started ACPI event daemon.
         Starting LSB: MD monitoring daemon...
[[0;32m  OK  [0m] Started D-Bus System Message Bus.
         Starting Login Service...
         Starting LSB: Record successful boot for GRUB...
[[0;32m  OK  [0m] Started Deferred execution scheduler.
         Starting Accounts Service...
[[0;32m  OK  [0m] Started Regular background program processing daemon.
         Starting System Logging Service...
         Starting Virtualbox guest utils...
         Starting OpenBSD Secure Shell server...
         Starting /etc/rc.local Compatibility...
[[0;32m  OK  [0m] Started FUSE filesystem for LXC.
         Starting Snap Daemon...
         Starting LXD - container startup/shutdown...
[[0;32m  OK  [0m] Started /etc/rc.local Compatibility.
[[0;32m  OK  [0m] Started System Logging Service.
[[0;32m  OK  [0m] Started iSCSI initiator daemon (iscsid).
         Starting Login to default iSCSI targets...
[[0;32m  OK  [0m] Started Login Service.
[[0;32m  OK  [0m] Started Unattended Upgrades Shutdown.
[[0;32m  OK  [0m] Started Login to default iSCSI targets.
[[0;32m  OK  [0m] Reached target Remote File Systems (Pre).
[[0;32m  OK  [0m] Reached target Remote File Systems.
         Starting LSB: daemon to balance interrupts for SMP systems...
         Starting LSB: automatic crash report generation...
         Starting LSB: Set the CPU Frequency Scaling governor to "ondemand"...
         Starting Permit User Sessions...
[[0;32m  OK  [0m] Started Permit User Sessions.
         Starting Hold until boot process finishes up...
         Starting Terminate Plymouth Boot Screen...
[[0;32m  OK  [0m] Started Hold until boot process finishes up.
[[0;32m  OK  [0m] Started Getty on tty1.
[[0;32m  OK  [0m] Started Serial Getty on ttyS0.
[[0;32m  OK  [0m] Reached target Login Prompts.
         Starting Set console scheme...
[[0;32m  OK  [0m] Started Terminate Plymouth Boot Screen.
[[0;32m  OK  [0m] Started Set console scheme.
[[0;32m  OK  [0m] Started LSB: Set the CPU Frequency Scaling governor to "ondemand".
[[0;32m  OK  [0m] Started LSB: MD monitoring daemon.
[[0;32m  OK  [0m] Started LSB: Record successful boot for GRUB.
[[0;32m  OK  [0m] Started OpenBSD Secure Shell server.
         Starting Authenticate and Authorize Users to Run Privileged Tasks...
[[0;32m  OK  [0m] Started LSB: daemon to balance interrupts for SMP systems.
[[0;32m  OK  [0m] Started LSB: automatic crash report generation.
[[0;32m  OK  [0m] Started Authenticate and Authorize Users to Run Privileged Tasks.
[[0;32m  OK  [0m] Started Accounts Service.
[[0;32m  OK  [0m] Started LXD - container startup/shutdown.
[[0;32m  OK  [0m] Started Virtualbox guest utils.
[[0;32m  OK  [0m] Started Snap Daemon.
         Starting Wait until snapd is fully seeded...
[[0;32m  OK  [0m] Started Wait until snapd is fully seeded.
         Starting Apply the settings specified in cloud-config...
[[0;32m  OK  [0m] Reached target Multi-User System.
[[0;32m  OK  [0m] Reached target Graphical Interface.
         Starting Update UTMP about System Runlevel Changes...
[[0;32m  OK  [0m] Started Update UTMP about System Runlevel Changes.
[    7.025100] cloud-init[1351]: Cloud-init v. 20.3-2-g371b392c-0ubuntu1~16.04.1 running 'modules:config' at Sun, 03 Jan 2021 20:56:40 +0000. Up 6.97 seconds.
[[0;32m  OK  [0m] Started Apply the settings specified in cloud-config.
         Starting Execute cloud user/final scripts...
[    7.336367] cloud-init[1365]: Cloud-init v. 20.3-2-g371b392c-0ubuntu1~16.04.1 running 'modules:final' at Sun, 03 Jan 2021 20:56:41 +0000. Up 7.24 seconds.
[    7.337688] cloud-init[1365]: Cloud-init v. 20.3-2-g371b392c-0ubuntu1~16.04.1 finished at Sun, 03 Jan 2021 20:56:41 +0000. Datasource DataSourceNoCloud [seed=/dev/sdb][dsmode=net].  Up 7.33 seconds
[[0;32m  OK  [0m] Started Execute cloud user/final scripts.
[[0;32m  OK  [8734262966.362096] NMI watchdog: BUG: soft lockup - CPU#0 stuck for 22s! [swapper/0:0]
[8734262994.367427] NMI watchdog: BUG: soft lockup - CPU#0 stuck for 23s! [swapper/0:0]
[8734263022.366438] NMI watchdog: BUG: soft lockup - CPU#0 stuck for 23s! [swapper/0:0]
[8734263050.370726] NMI watchdog: BUG: soft lockup - CPU#0 stuck for 22s! [swapper/0:0]
[8734263078.355524] NMI watchdog: BUG: soft lockup - CPU#0 stuck for 22s! [swapper/0:0]
[8734263106.367539] NMI watchdog: BUG: soft lockup - CPU#0 stuck for 22s! [swapper/0:0]
[8734263134.368179] NMI watchdog: BUG: soft lockup - CPU#0 stuck for 22s! [swapper/0:0]
[8734263162.369312] NMI watchdog: BUG: soft lockup - CPU#0 stuck for 22s! [swapper/0:0]
[8734263190.370208] NMI watchdog: BUG: soft lockup - CPU#0 stuck for 22s! [swapper/0:0]
[8734263218.360000] NMI watchdog: BUG: soft lockup - CPU#0 stuck for 22s! [swapper/0:0]
[8734263246.356800] NMI watchdog: BUG: soft lockup - CPU#0 stuck for 22s! [swapper/0:0]
[8734263274.355493] NMI watchdog: BUG: soft lockup - CPU#0 stuck for 23s! [swapper/0:0]
[8734263302.358710] NMI watchdog: BUG: soft lockup - CPU#0 stuck for 23s! [swapper/0:0]
[8734263330.355609] NMI watchdog: BUG: soft lockup - CPU#0 stuck for 23s! [swapper/0:0]
[8734263358.360130] NMI watchdog: BUG: soft lockup - CPU#0 stuck for 23s! [swapper/0:0]
[8734263386.356574] NMI watchdog: BUG: soft lockup - CPU#0 stuck for 23s! [swapper/0:0]
[8734263414.355690] NMI watchdog: BUG: soft lockup - CPU#0 stuck for 22s! [swapper/0:0]
[8734263442.367941] NMI watchdog: BUG: soft lockup - CPU#0 stuck for 22s! [swapper/0:0]
[8734263470.363900] NMI watchdog: BUG: soft lockup - CPU#0 stuck for 22s! [swapper/0:0]
[8734263498.364934] NMI watchdog: BUG: soft lockup - CPU#0 stuck for 22s! [swapper/0:0]
[8734263526.361742] NMI watchdog: BUG: soft lockup - CPU#0 stuck for 22s! [swapper/0:0]
[8734263554.368407] NMI watchdog: BUG: soft lockup - CPU#0 stuck for 22s! [swapper/0:0]
[8734263582.355964] NMI watchdog: BUG: soft lockup - CPU#0 stuck for 22s! [swapper/0:0]
[8734263610.368461] NMI watchdog: BUG: soft lockup - CPU#0 stuck for 22s! [swapper/0:0]
[8734263638.369734] NMI watchdog: BUG: soft lockup - CPU#0 stuck for 23s! [swapper/0:0]
[8734263666.358197] NMI watchdog: BUG: soft lockup - CPU#0 stuck for 23s! [swapper/0:0]
[8734263694.368565] NMI watchdog: BUG: soft lockup - CPU#0 stuck for 23s! [swapper/0:0]
[8734263722.369833] NMI watchdog: BUG: soft lockup - CPU#0 stuck for 23s! [swapper/0:0]
[8734263750.367134] NMI watchdog: BUG: soft lockup - CPU#0 stuck for 22s! [swapper/0:0]
[8734263778.357152] NMI watchdog: BUG: soft lockup - CPU#0 stuck for 22s! [swapper/0:0]
[8734263806.361553] NMI watchdog: BUG: soft lockup - CPU#0 stuck for 22s! [swapper/0:0]
[8734263834.356938] NMI watchdog: BUG: soft lockup - CPU#0 stuck for 22s! [swapper/0:0]
[8734263862.369208] NMI watchdog: BUG: soft lockup - CPU#0 stuck for 22s! [swapper/0:0]
[8734263890.369464] NMI watchdog: BUG: soft lockup - CPU#0 stuck for 22s! [swapper/0:0]
[8734263918.357971] NMI watchdog: BUG: soft lockup - CPU#0 stuck for 22s! [swapper/0:0]
[8734263946.365390] NMI watchdog: BUG: soft lockup - CPU#0 stuck for 22s! [swapper/0:0]
[8734263974.363891] NMI watchdog: BUG: soft lockup - CPU#0 stuck for 22s! [swapper/0:0]
[8734264002.362598] NMI watchdog: BUG: soft lockup - CPU#0 stuck for 23s! [swapper/0:0]
[8734264030.369768] NMI watchdog: BUG: soft lockup - CPU#0 stuck for 23s! [swapper/0:0]
[8734264058.369713] NMI watchdog: BUG: soft lockup - CPU#0 stuck for 23s! [swapper/0:0]
[8734264086.368307] NMI watchdog: BUG: soft lockup - CPU#0 stuck for 23s! [swapper/0:0]
[8734264114.365245] NMI watchdog: BUG: soft lockup - CPU#0 stuck for 22s! [swapper/0:0]
[8734264142.360769] NMI watchdog: BUG: soft lockup - CPU#0 stuck for 22s! [swapper/0:0]
[8734264170.357094] NMI watchdog: BUG: soft lockup - CPU#0 stuck for 22s! [swapper/0:0]
[8734264198.357857] NMI watchdog: BUG: soft lockup - CPU#0 stuck for 22s! [swapper/0:0]
[8734264226.359355] NMI watchdog: BUG: soft lockup - CPU#0 stuck for 22s! [swapper/0:0]
[8734264254.361684] NMI watchdog: BUG: soft lockup - CPU#0 stuck for 22s! [swapper/0:0]
[8734264282.370582] NMI watchdog: BUG: soft lockup - CPU#0 stuck for 22s! [swapper/0:0]
[8734264310.366578] NMI watchdog: BUG: soft lockup - CPU#0 stuck for 22s! [swapper/0:0]
[8734264338.359027] NMI watchdog: BUG: soft lockup - CPU#0 stuck for 22s! [swapper/0:0]
[8734264366.366743] NMI watchdog: BUG: soft lockup - CPU#0 stuck for 23s! [swapper/0:0]
[8734264394.357833] NMI watchdog: BUG: soft lockup - CPU#0 stuck for 23s! [swapper/0:0]
[8734264422.355428] NMI watchdog: BUG: soft lockup - CPU#0 stuck for 23s! [swapper/0:0]
[8734264450.359375] NMI watchdog: BUG: soft lockup - CPU#0 stuck for 23s! [swapper/0:0]
[8734264478.358785] NMI watchdog: BUG: soft lockup - CPU#0 stuck for 22s! [swapper/0:0]
[8734264506.356033] NMI watchdog: BUG: soft lockup - CPU#0 stuck for 22s! [swapper/0:0]
[8734264534.367309] NMI watchdog: BUG: soft lockup - CPU#0 stuck for 22s! [swapper/0:0]
[8734264562.355981] NMI watchdog: BUG: soft lockup - CPU#0 stuck for 22s! [swapper/0:0]
[8734264590.370634] NMI watchdog: BUG: soft lockup - CPU#0 stuck for 22s! [swapper/0:0]
[8734264618.367579] NMI watchdog: BUG: soft lockup - CPU#0 stuck for 22s! [swapper/0:0]
[8734264646.367669] NMI watchdog: BUG: soft lockup - CPU#0 stuck for 22s! [swapper/0:0]
[8734264674.356663] NMI watchdog: BUG: soft lockup - CPU#0 stuck for 22s! [swapper/0:0]
[8734264702.356381] NMI watchdog: BUG: soft lockup - CPU#0 stuck for 22s! [swapper/0:0]
[8734264730.357595] NMI watchdog: BUG: soft lockup - CPU#0 stuck for 23s! [swapper/0:0]
[8734264758.366018] NMI watchdog: BUG: soft lockup - CPU#0 stuck for 23s! [swapper/0:0]
[8734264786.357946] NMI watchdog: BUG: soft lockup - CPU#0 stuck for 23s! [swapper/0:0]
[8734264814.365088] NMI watchdog: BUG: soft lockup - CPU#0 stuck for 23s! [swapper/0:0]
[8734264842.367270] NMI watchdog: BUG: soft lockup - CPU#0 stuck for 22s! [swapper/0:0]
[8734264870.365986] NMI watchdog: BUG: soft lockup - CPU#0 stuck for 22s! [swapper/0:0]
[8734264898.367441] NMI watchdog: BUG: soft lockup - CPU#0 stuck for 22s! [swapper/0:0]
[8734264926.356941] NMI watchdog: BUG: soft lockup - CPU#0 stuck for 22s! [swapper/0:0]
[8734264954.361035] NMI watchdog: BUG: soft lockup - CPU#0 stuck for 22s! [swapper/0:0]
[8734264982.368475] NMI watchdog: BUG: soft lockup - CPU#0 stuck for 22s! [swapper/0:0]
[8734265010.368187] NMI watchdog: BUG: soft lockup - CPU#0 stuck for 22s! [swapper/0:0]
[8734265038.369837] NMI watchdog: BUG: soft lockup - CPU#0 stuck for 22s! [swapper/0:0]
[8734265066.368870] NMI watchdog: BUG: soft lockup - CPU#0 stuck for 22s! [swapper/0:0]
[8734265094.366039] NMI watchdog: BUG: soft lockup - CPU#0 stuck for 23s! [swapper/0:0]
[8734265014.768710] NMI watchdog: BUG: soft lockup - CPU#0 stuck for 22s! [swapper/0:0]
