[    0.000000] Initializing cgroup subsys cpuset
[    0.000000] Initializing cgroup subsys cpu
[    0.000000] Initializing cgroup subsys cpuacct
[    0.000000] Linux version 4.4.0-197-generic (buildd@lcy01-amd64-026) (gcc version 5.4.0 20160609 (Ubuntu 5.4.0-6ubuntu1~16.04.12) ) #229-Ubuntu SMP Wed Nov 25 11:05:42 UTC 2020 (Ubuntu 4.4.0-197.229-generic 4.4.241)
[    0.000000] Command line: BOOT_IMAGE=/boot/vmlinuz-4.4.0-197-generic root=LABEL=cloudimg-rootfs ro console=tty1 console=ttyS0
[    0.000000] KERNEL supported cpus:
[    0.000000]   Intel GenuineIntel
[    0.000000]   AMD AuthenticAMD
[    0.000000]   Centaur CentaurHauls
[    0.000000] x86/fpu: xstate_offset[2]:  576, xstate_sizes[2]:  256
[    0.000000] x86/fpu: Supporting XSAVE feature 0x01: 'x87 floating point registers'
[    0.000000] x86/fpu: Supporting XSAVE feature 0x02: 'SSE registers'
[    0.000000] x86/fpu: Supporting XSAVE feature 0x04: 'AVX registers'
[    0.000000] x86/fpu: Enabled xstate features 0x7, context size is 832 bytes, using 'standard' format.
[    0.000000] e820: BIOS-provided physical RAM map:
[    0.000000] BIOS-e820: [mem 0x0000000000000000-0x000000000009fbff] usable
[    0.000000] BIOS-e820: [mem 0x000000000009fc00-0x000000000009ffff] reserved
[    0.000000] BIOS-e820: [mem 0x00000000000f0000-0x00000000000fffff] reserved
[    0.000000] BIOS-e820: [mem 0x0000000000100000-0x000000001ffeffff] usable
[    0.000000] BIOS-e820: [mem 0x000000001fff0000-0x000000001fffffff] ACPI data
[    0.000000] BIOS-e820: [mem 0x00000000fec00000-0x00000000fec00fff] reserved
[    0.000000] BIOS-e820: [mem 0x00000000fee00000-0x00000000fee00fff] reserved
[    0.000000] BIOS-e820: [mem 0x00000000fffc0000-0x00000000ffffffff] reserved
[    0.000000] NX (Execute Disable) protection: active
[    0.000000] SMBIOS 2.5 present.
[    0.000000] Hypervisor detected: KVM
[    0.000000] e820: last_pfn = 0x1fff0 max_arch_pfn = 0x400000000
[    0.000000] MTRR: Disabled
[    0.000000] x86/PAT: MTRRs disabled, skipping PAT initialization too.
[    0.000000] CPU MTRRs all blank - virtualized system.
[    0.000000] x86/PAT: Configuration [0-7]: WB  WT  UC- UC  WB  WT  UC- UC  
[    0.000000] found SMP MP-table at [mem 0x0009fff0-0x0009ffff] mapped at [ffff88000009fff0]
[    0.000000] Scanning 1 areas for low memory corruption
[    0.000000] RAMDISK: [mem 0x1e951000-0x1f7d9fff]
[    0.000000] ACPI: Early table checksum verification disabled
[    0.000000] ACPI: RSDP 0x00000000000E0000 000024 (v02 VBOX  )
[    0.000000] ACPI: XSDT 0x000000001FFF0030 00003C (v01 VBOX   VBOXXSDT 00000001 ASL  00000061)
[    0.000000] ACPI: FACP 0x000000001FFF00F0 0000F4 (v04 VBOX   VBOXFACP 00000001 ASL  00000061)
[    0.000000] ACPI: DSDT 0x000000001FFF0470 002325 (v02 VBOX   VBOXBIOS 00000002 INTL 20190509)
[    0.000000] ACPI: FACS 0x000000001FFF0200 000040
[    0.000000] ACPI: FACS 0x000000001FFF0200 000040
[    0.000000] ACPI: APIC 0x000000001FFF0240 000054 (v02 VBOX   VBOXAPIC 00000001 ASL  00000061)
[    0.000000] ACPI: SSDT 0x000000001FFF02A0 0001CC (v01 VBOX   VBOXCPUT 00000002 INTL 20190509)
[    0.000000] No NUMA configuration found
[    0.000000] Faking a node at [mem 0x0000000000000000-0x000000001ffeffff]
[    0.000000] NODE_DATA(0) allocated [mem 0x1ffeb000-0x1ffeffff]
[    0.000000] kvm-clock: Using msrs 4b564d01 and 4b564d00
[    0.000000] kvm-clock: cpu 0, msr 0:1ffe3001, primary cpu clock
[    0.000000] kvm-clock: using sched offset of 3013492199 cycles
[    0.000000] clocksource: kvm-clock: mask: 0xffffffffffffffff max_cycles: 0x1cd42e4dffb, max_idle_ns: 881590591483 ns
[    0.000000] Zone ranges:
[    0.000000]   DMA      [mem 0x0000000000001000-0x0000000000ffffff]
[    0.000000]   DMA32    [mem 0x0000000001000000-0x000000001ffeffff]
[    0.000000]   Normal   empty
[    0.000000]   Device   empty
[    0.000000] Movable zone start for each node
[    0.000000] Early memory node ranges
[    0.000000]   node   0: [mem 0x0000000000001000-0x000000000009efff]
[    0.000000]   node   0: [mem 0x0000000000100000-0x000000001ffeffff]
[    0.000000] Initmem setup node 0 [mem 0x0000000000001000-0x000000001ffeffff]
[    0.000000] ACPI: PM-Timer IO Port: 0x4008
[    0.000000] IOAPIC[0]: apic_id 1, version 32, address 0xfec00000, GSI 0-23
[    0.000000] ACPI: INT_SRC_OVR (bus 0 bus_irq 0 global_irq 2 dfl dfl)
[    0.000000] ACPI: INT_SRC_OVR (bus 0 bus_irq 9 global_irq 9 low level)
[    0.000000] Using ACPI (MADT) for SMP configuration information
[    0.000000] smpboot: Allowing 1 CPUs, 0 hotplug CPUs
[    0.000000] PM: Registered nosave memory: [mem 0x00000000-0x00000fff]
[    0.000000] PM: Registered nosave memory: [mem 0x0009f000-0x0009ffff]
[    0.000000] PM: Registered nosave memory: [mem 0x000a0000-0x000effff]
[    0.000000] PM: Registered nosave memory: [mem 0x000f0000-0x000fffff]
[    0.000000] e820: [mem 0x20000000-0xfebfffff] available for PCI devices
[    0.000000] Booting paravirtualized kernel on KVM
[    0.000000] clocksource: refined-jiffies: mask: 0xffffffff max_cycles: 0xffffffff, max_idle_ns: 7645519600211568 ns
[    0.000000] setup_percpu: NR_CPUS:512 nr_cpumask_bits:512 nr_cpu_ids:1 nr_node_ids:1
[    0.000000] PERCPU: Embedded 33 pages/cpu @ffff88001fc00000 s95512 r8192 d31464 u2097152
[    0.000000] Built 1 zonelists in Node order, mobility grouping on.  Total pages: 128888
[    0.000000] Policy zone: DMA32
[    0.000000] Kernel command line: BOOT_IMAGE=/boot/vmlinuz-4.4.0-197-generic root=LABEL=cloudimg-rootfs ro console=tty1 console=ttyS0
[    0.000000] PID hash table entries: 2048 (order: 2, 16384 bytes)
[    0.000000] Memory: 481704K/523832K available (8637K kernel code, 1347K rwdata, 4032K rodata, 1492K init, 1296K bss, 42128K reserved, 0K cma-reserved)
[    0.000000] SLUB: HWalign=64, Order=0-3, MinObjects=0, CPUs=1, Nodes=1
[    0.000000] Kernel/User page tables isolation: enabled
[    0.000000] Hierarchical RCU implementation.
[    0.000000] 	Build-time adjustment of leaf fanout to 64.
[    0.000000] 	RCU restricting CPUs from NR_CPUS=512 to nr_cpu_ids=1.
[    0.000000] RCU: Adjusting geometry for rcu_fanout_leaf=64, nr_cpu_ids=1
[    0.000000] NR_IRQS:33024 nr_irqs:256 16
[    0.000000] Console: colour VGA+ 80x25
[    0.000000] console [tty1] enabled
[    0.000000] console [ttyS0] enabled
[    0.000000] tsc: Detected 2111.994 MHz processor
[    0.087788] Calibrating delay loop (skipped) preset value.. 4223.98 BogoMIPS (lpj=8447976)
[    0.088847] pid_max: default: 32768 minimum: 301
[    0.089443] ACPI: Core revision 20150930
[    0.090726] ACPI: 2 ACPI AML tables successfully acquired and loaded
[    0.091681] Security Framework initialized
[    0.092232] Yama: becoming mindful.
[    0.092761] AppArmor: AppArmor initialized
[    0.093465] Dentry cache hash table entries: 65536 (order: 7, 524288 bytes)
[    0.094381] Inode-cache hash table entries: 32768 (order: 6, 262144 bytes)
[    0.095216] Mount-cache hash table entries: 1024 (order: 1, 8192 bytes)
[    0.096034] Mountpoint-cache hash table entries: 1024 (order: 1, 8192 bytes)
[    0.096921] Initializing cgroup subsys io
[    0.097481] Initializing cgroup subsys memory
[    0.098027] Initializing cgroup subsys devices
[    0.098590] Initializing cgroup subsys freezer
[    0.099141] Initializing cgroup subsys net_cls
[    0.099718] Initializing cgroup subsys perf_event
[    0.100302] Initializing cgroup subsys net_prio
[    0.100890] Initializing cgroup subsys hugetlb
[    0.101500] Initializing cgroup subsys pids
[    0.103132] mce: CPU supports 0 MCE banks
[    0.103750] process: using mwait in idle threads
[    0.104324] Last level iTLB entries: 4KB 64, 2MB 8, 4MB 8
[    0.105001] Last level dTLB entries: 4KB 64, 2MB 0, 4MB 0, 1GB 4
[    0.106501] Spectre V1 : Mitigation: usercopy/swapgs barriers and __user pointer sanitization
[    0.108408] Spectre V2 : Mitigation: Full generic retpoline
[    0.109168] Spectre V2 : Spectre v2 / SpectreRSB mitigation: Filling RSB on context switch
[    0.110259] Speculative Store Bypass: Vulnerable
[    0.110854] SRBDS: Unknown: Dependent on hypervisor status
[    0.111614] MDS: Mitigation: Clear CPU buffers
[    0.130936] Freeing SMP alternatives memory: 36K
[    0.135955] ftrace: allocating 32346 entries in 127 pages
[    0.181724] smpboot: APIC(0) Converting physical 0 to logical package 0
[    0.182590] smpboot: Max logical packages: 1
[    0.183293] x2apic enabled
[    0.183858] Switched APIC routing to physical x2apic.
[    0.185266] ..TIMER: vector=0x30 apic1=0 pin1=2 apic2=-1 pin2=-1
[    0.294082] smpboot: CPU0: Intel(R) Core(TM) i7-8665U CPU @ 1.90GHz (family: 0x6, model: 0x8e, stepping: 0xc)
[    0.295468] Performance Events: unsupported p6 CPU model 142 no PMU driver, software events only.
[    0.304570] KVM setup paravirtual spinlock
[    0.305839] x86: Booted up 1 node, 1 CPUs
[    0.306379] smpboot: Total of 1 processors activated (4223.98 BogoMIPS)
[    0.307374] devtmpfs: initialized
[    0.309695] evm: security.selinux
[    0.310535] evm: security.SMACK64
[    0.311154] evm: security.SMACK64EXEC
[    0.311830] evm: security.SMACK64TRANSMUTE
[    0.312525] evm: security.SMACK64MMAP
[    0.313317] evm: security.ima
[    0.313878] evm: security.capability
[    0.314906] clocksource: jiffies: mask: 0xffffffff max_cycles: 0xffffffff, max_idle_ns: 7645041785100000 ns
[    0.316643] futex hash table entries: 256 (order: 2, 16384 bytes)
[    0.317785] pinctrl core: initialized pinctrl subsystem
[    0.318680] RTC time: 18:30:37, date: 01/02/21
[    0.319476] NET: Registered protocol family 16
[    0.320222] cpuidle: using governor ladder
[    0.320818] cpuidle: using governor menu
[    0.321429] PCCT header not found.
[    0.321993] ACPI: bus type PCI registered
[    0.323139] acpiphp: ACPI Hot Plug PCI Controller Driver version: 0.5
[    0.324194] PCI: Using configuration type 1 for base access
[    0.326364] ACPI: Added _OSI(Module Device)
[    0.326954] ACPI: Added _OSI(Processor Device)
[    0.327516] ACPI: Added _OSI(3.0 _SCP Extensions)
[    0.328099] ACPI: Added _OSI(Processor Aggregator Device)
[    0.329164] ACPI: Executed 1 blocks of module-level executable AML code
[    0.331366] ACPI: Interpreter enabled
[    0.331967] ACPI: (supports S0 S5)
[    0.332474] ACPI: Using IOAPIC for interrupt routing
[    0.333281] PCI: Using host bridge windows from ACPI; if necessary, use "pci=nocrs" and report a bug
[    0.337413] ACPI: PCI Root Bridge [PCI0] (domain 0000 [bus 00-ff])
[    0.338288] acpi PNP0A03:00: _OSC: OS supports [ASPM ClockPM Segments MSI]
[    0.339332] acpi PNP0A03:00: _OSC: not requesting OS control; OS requires [ExtendedConfig ASPM ClockPM MSI]
[    0.341181] acpi PNP0A03:00: fail to add MMCONFIG information, can't access extended PCI configuration space under this bridge.
[    0.343235] PCI host bridge to bus 0000:00
[    0.343867] pci_bus 0000:00: root bus resource [io  0x0000-0x0cf7 window]
[    0.344879] pci_bus 0000:00: root bus resource [io  0x0d00-0xffff window]
[    0.345771] pci_bus 0000:00: root bus resource [mem 0x000a0000-0x000bffff window]
[    0.346977] pci_bus 0000:00: root bus resource [mem 0x20000000-0xfdffffff window]
[    0.348139] pci_bus 0000:00: root bus resource [bus 00-ff]
[    0.350157] pci 0000:00:01.1: legacy IDE quirk: reg 0x10: [io  0x01f0-0x01f7]
[    0.351026] pci 0000:00:01.1: legacy IDE quirk: reg 0x14: [io  0x03f6]
[    0.351843] pci 0000:00:01.1: legacy IDE quirk: reg 0x18: [io  0x0170-0x0177]
[    0.352710] pci 0000:00:01.1: legacy IDE quirk: reg 0x1c: [io  0x0376]
[    0.365700] pci 0000:00:07.0: quirk: [io  0x4000-0x403f] claimed by PIIX4 ACPI
[    0.366744] pci 0000:00:07.0: quirk: [io  0x4100-0x410f] claimed by PIIX4 SMB
[    0.370979] ACPI: PCI Interrupt Link [LNKA] (IRQs 5 9 10 *11)
[    0.372066] ACPI: PCI Interrupt Link [LNKB] (IRQs 5 9 *10 11)
[    0.373198] ACPI: PCI Interrupt Link [LNKC] (IRQs 5 *9 10 11)
[    0.374379] ACPI: PCI Interrupt Link [LNKD] (IRQs 5 9 10 *11)
[    0.375494] ACPI: Enabled 2 GPEs in block 00 to 07
[    0.376468] vgaarb: setting as boot device: PCI:0000:00:02.0
[    0.377304] vgaarb: device added: PCI:0000:00:02.0,decodes=io+mem,owns=io+mem,locks=none
[    0.378340] vgaarb: loaded
[    0.378745] vgaarb: bridge control possible 0000:00:02.0
[    0.379559] SCSI subsystem initialized
[    0.380119] ACPI: bus type USB registered
[    0.380651] usbcore: registered new interface driver usbfs
[    0.381304] usbcore: registered new interface driver hub
[    0.381947] usbcore: registered new device driver usb
[    0.382699] PCI: Using ACPI for IRQ routing
[    0.383428] NetLabel: Initializing
[    0.383893] NetLabel:  domain hash size = 128
[    0.384488] NetLabel:  protocols = UNLABELED CIPSOv4
[    0.385107] NetLabel:  unlabeled traffic allowed by default
[    0.385832] amd_nb: Cannot enumerate AMD northbridges
[    0.386483] clocksource: Switched to clocksource kvm-clock
[    0.391886] AppArmor: AppArmor Filesystem Enabled
[    0.392611] pnp: PnP ACPI init
[    0.393584] pnp: PnP ACPI: found 3 devices
[    0.399460] clocksource: acpi_pm: mask: 0xffffff max_cycles: 0xffffff, max_idle_ns: 2085701024 ns
[    0.400598] NET: Registered protocol family 2
[    0.401252] TCP established hash table entries: 4096 (order: 3, 32768 bytes)
[    0.402048] TCP bind hash table entries: 4096 (order: 4, 65536 bytes)
[    0.402789] TCP: Hash tables configured (established 4096 bind 4096)
[    0.403562] UDP hash table entries: 256 (order: 1, 8192 bytes)
[    0.404250] UDP-Lite hash table entries: 256 (order: 1, 8192 bytes)
[    0.405015] NET: Registered protocol family 1
[    0.405574] pci 0000:00:00.0: Limiting direct PCI/PCI transfers
[    0.406404] pci 0000:00:01.0: Activating ISA DMA hang workarounds
[    0.407491] Unpacking initramfs...
[    0.580938] Freeing initrd memory: 14884K
[    0.581611] clocksource: tsc: mask: 0xffffffffffffffff max_cycles: 0x1e7172f02f0, max_idle_ns: 440795291996 ns
[    0.582830] platform rtc_cmos: registered platform RTC device (no PNP device found)
[    0.583935] Scanning for low memory corruption every 60 seconds
[    0.584795] audit: initializing netlink subsys (disabled)
[    0.585507] audit: type=2000 audit(1609612241.799:1): initialized
[    0.586427] Initialise system trusted keyring
[    0.587078] HugeTLB registered 2 MB page size, pre-allocated 0 pages
[    0.588594] zbud: loaded
[    0.589271] VFS: Disk quotas dquot_6.6.0
[    0.589959] VFS: Dquot-cache hash table entries: 512 (order 0, 4096 bytes)
[    0.591025] squashfs: version 4.0 (2009/01/31) Phillip Lougher
[    0.591960] fuse init (API version 7.23)
[    0.592619] Key type big_key registered
[    0.593161] Allocating IMA MOK and blacklist keyrings.
[    0.594032] Key type asymmetric registered
[    0.594606] Asymmetric key parser 'x509' registered
[    0.595270] Block layer SCSI generic (bsg) driver version 0.4 loaded (major 249)
[    0.596261] io scheduler noop registered
[    0.596776] io scheduler deadline registered (default)
[    0.597417] io scheduler cfq registered
[    0.597986] pci_hotplug: PCI Hot Plug PCI Core version: 0.5
[    0.598658] pciehp: PCI Express Hot Plug Controller Driver version: 0.4
[    0.599526] ACPI: AC Adapter [AC] (off-line)
[    0.600104] input: Power Button as /devices/LNXSYSTM:00/LNXPWRBN:00/input/input0
[    0.601048] ACPI: Power Button [PWRF]
[    0.601576] input: Sleep Button as /devices/LNXSYSTM:00/LNXSLPBN:00/input/input1
[    0.602523] ACPI: Sleep Button [SLPF]
[    0.603483] ACPI: Battery Slot [BAT0] (battery present)
[    0.604183] GHES: HEST is not enabled!
[    0.604758] Serial: 8250/16550 driver, 32 ports, IRQ sharing enabled
[    0.625943] 00:02: ttyS0 at I/O 0x3f8 (irq = 4, base_baud = 115200) is a 16550A
[    0.627795] Linux agpgart interface v0.103
[    0.629321] loop: module loaded
[    0.630093] scsi host0: ata_piix
[    0.630595] scsi host1: ata_piix
[    0.631100] ata1: PATA max UDMA/33 cmd 0x1f0 ctl 0x3f6 bmdma 0xd000 irq 14
[    0.631911] ata2: PATA max UDMA/33 cmd 0x170 ctl 0x376 bmdma 0xd008 irq 15
[    0.633021] libphy: Fixed MDIO Bus: probed
[    0.633587] tun: Universal TUN/TAP device driver, 1.6
[    0.634193] tun: (C) 1999-2004 Max Krasnyansky <maxk@qualcomm.com>
[    0.634999] PPP generic driver version 2.4.2
[    0.635632] ehci_hcd: USB 2.0 'Enhanced' Host Controller (EHCI) Driver
[    0.636433] ehci-pci: EHCI PCI platform driver
[    0.636998] ehci-platform: EHCI generic platform driver
[    0.637718] ohci_hcd: USB 1.1 'Open' Host Controller (OHCI) Driver
[    0.638484] ohci-pci: OHCI PCI platform driver
[    0.639141] ohci-platform: OHCI generic platform driver
[    0.639974] uhci_hcd: USB Universal Host Controller Interface driver
[    0.640835] i8042: PNP: PS/2 Controller [PNP0303:PS2K,PNP0f03:PS2M] at 0x60,0x64 irq 1,12
[    0.642378] serio: i8042 KBD port at 0x60,0x64 irq 1
[    0.643058] serio: i8042 AUX port at 0x60,0x64 irq 12
[    0.643893] mousedev: PS/2 mouse device common for all mice
[    0.644731] input: AT Translated Set 2 keyboard as /devices/platform/i8042/serio0/input/input2
[    0.646119] rtc_cmos rtc_cmos: rtc core: registered rtc_cmos as rtc0
[    0.646918] rtc_cmos rtc_cmos: alarms up to one day, 114 bytes nvram
[    0.647708] i2c /dev entries driver
[    0.648216] device-mapper: uevent: version 1.0.3
[    0.648834] device-mapper: ioctl: 4.34.0-ioctl (2015-10-28) initialised: dm-devel@redhat.com
[    0.649884] ledtrig-cpu: registered to indicate activity on CPUs
[    0.650793] NET: Registered protocol family 10
[    0.651545] NET: Registered protocol family 17
[    0.652162] Key type dns_resolver registered
[    0.652883] registered taskstats version 1
[    0.653478] Loading compiled-in X.509 certificates
[    0.654571] Loaded X.509 cert 'Build time autogenerated kernel key: 34492021b4051d5295bb5f61ac4b8fe0de34ccb2'
[    0.655934] zswap: loaded using pool lzo/zbud
[    0.657664] Key type trusted registered
[    0.660357] Key type encrypted registered
[    0.660951] AppArmor: AppArmor sha1 policy hashing enabled
[    0.661602] ima: No TPM chip found, activating TPM-bypass!
[    0.662263] ima: Allocated hash algorithm: sha1
[    0.662871] evm: HMAC attrs: 0x1
[    0.663500]   Magic number: 5:505:543
[    0.664082] rtc_cmos rtc_cmos: setting system clock to 2021-01-02 18:30:37 UTC (1609612237)
[    0.665241] BIOS EDD facility v0.16 2004-Jun-25, 0 devices found
[    0.665983] EDD information not available.
[    0.817087] Freeing unused kernel memory: 1492K
[    0.818704] Write protecting the kernel read-only data: 14336k
[    0.820455] Freeing unused kernel memory: 1592K
[    0.821600] Freeing unused kernel memory: 64K
Loading, please wait...
starting version 229
[    0.833726] random: udevadm: uninitialized urandom read (16 bytes read, 3 bits of entropy available)
[    0.835526] random: systemd-udevd: uninitialized urandom read (16 bytes read, 3 bits of entropy available)
[    0.836871] random: systemd-udevd: uninitialized urandom read (16 bytes read, 3 bits of entropy available)
[    0.838186] random: systemd-udevd: uninitialized urandom read (16 bytes read, 3 bits of entropy available)
[    0.840122] random: udevadm: uninitialized urandom read (16 bytes read, 3 bits of entropy available)
[    0.843043] random: systemd-udevd: uninitialized urandom read (16 bytes read, 3 bits of entropy available)
[    0.848280] random: systemd-udevd: uninitialized urandom read (16 bytes read, 3 bits of entropy available)
[    0.849500] random: systemd-udevd: uninitialized urandom read (16 bytes read, 3 bits of entropy available)
[    0.850703] random: systemd-udevd: uninitialized urandom read (16 bytes read, 3 bits of entropy available)
[    0.853655] random: systemd-udevd: uninitialized urandom read (16 bytes read, 3 bits of entropy available)
[    0.932438] e1000: Intel(R) PRO/1000 Network Driver - version 7.3.21-k8-NAPI
[    0.933349] e1000: Copyright (c) 1999-2006 Intel Corporation.
[    0.939897] Fusion MPT base driver 3.04.20
[    0.940801] Copyright (c) 1999-2008 LSI Corporation
[    0.952916] Fusion MPT SPI Host driver 3.04.20
[    0.964494] AVX2 version of gcm_enc/dec engaged.
[    0.965171] AES CTR mode by8 optimization enabled
[    1.155025] input: ImExPS/2 Generic Explorer Mouse as /devices/platform/i8042/serio1/input/input4
[    1.289871] e1000 0000:00:03.0 eth0: (PCI:33MHz:32-bit) 02:8b:9b:7c:43:4a
[    1.290900] e1000 0000:00:03.0 eth0: Intel(R) PRO/1000 Network Connection
[    1.292364] mptbase: ioc0: Initiating bringup
[    1.355292] ioc0: LSI53C1030 A0: Capabilities={Initiator}
[    1.524103] scsi host2: ioc0: LSI53C1030 A0, FwRev=00000000h, Ports=1, MaxQ=256, IRQ=20
[    1.637943] scsi 2:0:0:0: Direct-Access     VBOX     HARDDISK         1.0  PQ: 0 ANSI: 5
[    1.644007] scsi target2:0:0: Beginning Domain Validation
[    1.652772] scsi target2:0:0: Domain Validation skipping write tests
[    1.657103] scsi target2:0:0: Ending Domain Validation
[    1.660365] scsi target2:0:0: asynchronous
[    1.685360] scsi 2:0:1:0: Direct-Access     VBOX     HARDDISK         1.0  PQ: 0 ANSI: 5
[    1.686713] scsi target2:0:1: Beginning Domain Validation
[    1.727773] scsi target2:0:1: Domain Validation skipping write tests
[    1.728559] scsi target2:0:1: Ending Domain Validation
[    1.732883] scsi target2:0:1: asynchronous
[    1.912850] sd 2:0:0:0: Attached scsi generic sg0 type 0
[    1.919883] sd 2:0:0:0: [sda] 20971520 512-byte logical blocks: (10.7 GB/10.0 GiB)
[    1.921072] sd 2:0:0:0: [sda] Write Protect is off
[    1.921932] sd 2:0:0:0: [sda] Incomplete mode parameter data
[    1.922897] sd 2:0:0:0: [sda] Assuming drive cache: write through
[    1.928338] sd 2:0:1:0: [sdb] 20480 512-byte logical blocks: (10.5 MB/10.0 MiB)
[    1.929402] sd 2:0:1:0: [sdb] Write Protect is off
[    1.930073] sd 2:0:1:0: [sdb] Incomplete mode parameter data
[    1.930762] sd 2:0:1:0: [sdb] Assuming drive cache: write through
[    1.935802]  sda: sda1
[    1.936274] sd 2:0:1:0: Attached scsi generic sg1 type 0
[    1.937323] sd 2:0:0:0: [sda] Attached SCSI disk
[    1.939922] sd 2:0:1:0: [sdb] Attached SCSI disk
[    2.002044] e1000 0000:00:08.0 eth1: (PCI:33MHz:32-bit) 08:00:27:c7:bc:4e
[    2.002936] e1000 0000:00:08.0 eth1: Intel(R) PRO/1000 Network Connection
[    2.004505] e1000 0000:00:08.0 enp0s8: renamed from eth1
[    2.007707] e1000 0000:00:03.0 enp0s3: renamed from eth0
Begin: Loading essential drivers ... [    3.257086] md: linear personality registered for level -1
[    3.260569] md: multipath personality registered for level -4
[    3.263524] md: raid0 personality registered for level 0
[    3.267173] md: raid1 personality registered for level 1
[    3.361958] raid6: sse2x1   gen() 15043 MB/s
[    3.457675] raid6: sse2x1   xor() 10528 MB/s
[    3.547054] raid6: sse2x2   gen() 19347 MB/s
[    3.642186] raid6: sse2x2   xor() 14041 MB/s
[    3.713668] raid6: sse2x4   gen() 18984 MB/s
[    3.793284] raid6: sse2x4   xor() 12128 MB/s
[    3.872910] raid6: avx2x1   gen() 24604 MB/s
[    3.943155] raid6: avx2x2   gen() 30875 MB/s
[    4.018058] raid6: avx2x4   gen() 39384 MB/s
[    4.018672] raid6: using algorithm avx2x4 gen() 39384 MB/s
[    4.019419] raid6: using avx2x2 recovery algorithm
[    4.022189] xor: automatically using best checksumming function:
[    4.159918]    avx       : 106790.000 MB/sec
[    4.162224] async_tx: api initialized (async)
[    4.174994] md: raid6 personality registered for level 6
[    4.175733] md: raid5 personality registered for level 5
[    4.176375] md: raid4 personality registered for level 4
[    4.181734] md: raid10 personality registered for level 10
done.
Begin: Running /scripts/init-premount ... done.
Begin: Mounting root file system ... Begin: Running /scripts/local-top ... done.
Begin: Running /scripts/local-premount ... [    4.207622] Btrfs loaded
Scanning for Btrfs filesystems
done.
Warning: fsck not present, so skipping root file system
[    4.237625] EXT4-fs (sda1): mounted filesystem with ordered data mode. Opts: (null)
done.
Begin: Running /scripts/local-bottom ... done.
Begin: Running /scripts/init-bottom ... done.
[    4.300189] systemd[1]: systemd 229 running in system mode. (+PAM +AUDIT +SELINUX +IMA +APPARMOR +SMACK +SYSVINIT +UTMP +LIBCRYPTSETUP +GCRYPT +GNUTLS +ACL +XZ -LZ4 +SECCOMP +BLKID +ELFUTILS +KMOD -IDN)
[    4.302308] systemd[1]: Detected virtualization oracle.
[    4.303038] systemd[1]: Detected architecture x86-64.

Welcome to [1mUbuntu 16.04.7 LTS[0m!

[    4.305751] systemd[1]: Set hostname to <ubuntu>.
[    4.307775] systemd[1]: Initializing machine ID from random generator.
[    4.308580] systemd[1]: Installed transient /etc/machine-id file.
[    4.403784] systemd[1]: Listening on udev Control Socket.
[[0;32m  OK  [0m] Listening on udev Control Socket.
[    4.410692] systemd[1]: Listening on Device-mapper event daemon FIFOs.
[[0;32m  OK  [0m] Listening on Device-mapper event daemon FIFOs.
[    4.418581] systemd[1]: Reached target System Time Synchronized.
[[0;32m  OK  [0m] Reached target System Time Synchronized.
[    4.420443] systemd[1]: Reached target Encrypted Volumes.
[[0;32m  OK  [0m] Reached target Encrypted Volumes.
[    4.426694] systemd[1]: Started Trigger resolvconf update for networkd DNS.
[[0;32m  OK  [0m] Started Trigger resolvconf update for networkd DNS.
[    4.428276] systemd[1]: Listening on Journal Socket (/dev/log).
[[0;32m  OK  [0m] Listening on Journal Socket (/dev/log).
[    4.429656] systemd[1]: Listening on Syslog Socket.
[[0;32m  OK  [0m] Listening on Syslog Socket.
[    4.431037] systemd[1]: Set up automount Arbitrary Executable File Formats File System Automount Point.
[[0;32m  OK  [0m] Set up automount Arbitrary Executab...ats File System Automount Point.
[    4.433028] systemd[1]: Listening on LVM2 poll daemon socket.
[[0;32m  OK  [0m] Listening on LVM2 poll daemon socket.
[    4.434471] systemd[1]: Reached target User and Group Name Lookups.
[[0;32m  OK  [0m] Reached target User and Group Name Lookups.
[    4.436212] systemd[1]: Created slice System Slice.
[[0;32m  OK  [0m] Created slice System Slice.
[    4.437720] systemd[1]: Listening on /dev/initctl Compatibility Named Pipe.
[[0;32m  OK  [0m] Listening on /dev/initctl Compatibility Named Pipe.
[    4.439582] systemd[1]: Listening on udev Kernel Socket.
[[0;32m  OK  [0m] Listening on udev Kernel Socket.
[    4.440929] systemd[1]: Listening on Journal Socket.
[[0;32m  OK  [0m] Listening on Journal Socket.
[    4.443388] systemd[1]: Starting Load Kernel Modules...
         Starting Load Kernel Modules...
[    4.444816] systemd[1]: Starting Remount Root and Kernel File Systems...
         Starting Remount Root and Kernel File Systems...
[    4.447753] systemd[1]: Starting Create list of required static device nodes for the current kernel...
[    4.455344] Loading iSCSI transport class v2.0-870.
         Starting Create list of required st... nodes for the current kernel...
[    4.457452] systemd[1]: Starting Set console keymap...
         Starting Set console keymap...[    4.460539] EXT4-fs (sda1): re-mounted. Opts: (null)

[    4.467108] systemd[1]: Starting Nameserver information manager...
         Starting Nameserver information manager...
[    4.469524] systemd[1]: Mounting Debug File System...
         Mounting Debug File System...
[    4.473047] systemd[1]: Mounting Huge Pages File System...
         Mounting Huge Pages File System...
[    4.485686] systemd[1]: Starting Uncomplicated firewall...
         Starting Uncomplicated firewall...
[    4.488035] systemd[1]: Listening on LVM2 metadata daemon socket.
[[0;32m  OK  [0m] Listening on LVM2 metadata daemon socket.
[    4.491091] systemd[1]: Starting Monitoring of LVM2 mirrors, snapshots etc. using dmeventd or progress polling...
         Starting Monitoring of LVM2 mirrors... dmeventd or progress polling...
[    4.496133] iscsi: registered transport (tcp)
[    4.498876] systemd[1]: Mounting POSIX Message Queue File System...
         Mounting POSIX Message Queue File System...
[    4.502566] systemd[1]: Reached target Swap.
[[0;32m  OK  [0m] Reached target Swap.
[    4.505677] systemd[1]: Created slice system-serial\x2dgetty.slice.
[[0;32m  OK  [0m] Created slice system-serial\x2dgetty.slice.
[    4.510401] systemd[1]: Listening on Journal Audit Socket.
[[0;32m  OK  [0m] Listening on Journal Audit Socket.
[    4.512551] systemd[1]: Starting Journal Service...
         Starting Journal Service...
[    4.514899] systemd[1]: Started Forward Password Requests to Wall Directory Watch.
[[0;32m  OK  [0m] Started Forward Password Requests to Wall Directory Watch.
[    4.535345] systemd[1]: Created slice User and Session Slice.
[[0;32m  OK  [0m] Created slice User and Session Slice.
[    4.542641] systemd[1]: Reached target Slices.
[[0;32m  OK  [0m] Reached target Slices.
[    4.545045] systemd[1]: Mounted POSIX Message Queue File System.
[[0;32m  OK  [0m] Mounted POSIX Message Queue File System.
[    4.546534] systemd[1]: Mounted Debug File System.
[[0;32m  OK  [0m] Mounted Debug File System.
[    4.549244] iscsi: registered transport (iser)
[    4.554698] systemd[1]: Mounted Huge Pages File System.
[[0;32m  OK  [0m] Mounted Huge Pages File System.
[    4.562813] systemd[1]: Started Journal Service.
[[0;32m  OK  [0m] Started Journal Service.
[[0;32m  OK  [0m] Started Load Kernel Modules.
[[0;32m  OK  [0m] Started Remount Root and Kernel File Systems.
[[0;32m  OK  [0m] Started Create list of required sta...ce nodes for the current kernel.
[[0;32m  OK  [0m] Started Set console keymap.
[[0;32m  OK  [0m] Started Uncomplicated firewall.
[[0;32m  OK  [0m] Started Nameserver information manager.
[[0;32m  OK  [0m] Started LVM2 metadata daemon.
         Starting Create Static Device Nodes in /dev...
         Starting Load/Save Random Seed...
         Starting udev Coldplug all Devices...
         Mounting FUSE Control File System...
         Starting Apply Kernel Variables...
         Starting Flush Journal to Persistent Storage...
[[0;32m  OK  [0m] Started Load/Save Random Seed.
[[0;32m  OK  [0m] Mounted FUSE Control File System.
[[0;32m  OK  [0m] Started Apply Kernel Variables.
[[0;32m  OK  [0m] Started Flush Journal to Persistent Storage.
[[0;32m  OK  [0m] Started Create Static Device Nodes in /dev.
         Starting udev Kernel Device Manager...
[[0;32m  OK  [0m] Started udev Coldplug all Devices.
[[0;32m  OK  [0m] Started udev Kernel Device Manager.
[[0;32m  OK  [0m] Started Dispatch Password Requests to Console Directory Watch.
[[0;32m  OK  [0m] Found device /dev/ttyS0.
[[0;32m  OK  [0m] Listening on Load/Save RF Kill Switch Status /dev/rfkill Watch.
[[0;32m  OK  [0m] Started Monitoring of LVM2 mirrors,...ng dmeventd or progress polling.
[[0;32m  OK  [0m] Reached target Local File Systems (Pre).
[[0;32m  OK  [0m] Reached target Local File Systems.
         Starting Create Volatile Files and Directories...
         Starting Commit a transient machine-id on disk...
         Starting Initial cloud-init job (pre-networking)...
         Starting Set console font and keymap...
         Starting Tell Plymouth To Write Out Runtime Data...
         Starting LSB: AppArmor initialization...
[[0;32m  OK  [0m] Started Commit a transient machine-id on disk.
[[0;32m  OK  [0m] Started Create Volatile Files and Directories.
         Starting Update UTMP about System Boot/Shutdown...
[[0;32m  OK  [0m] Started Tell Plymouth To Write Out Runtime Data.
[[0;32m  OK  [0m] Started Update UTMP about System Boot/Shutdown.
[[0;32m  OK  [0m] Started Set console font and keymap.
[[0;32m  OK  [0m] Created slice system-getty.slice.
[[0;32m  OK  [0m] Started LSB: AppArmor initialization.
         Starting Load AppArmor profiles managed internally by snapd...
[[0;32m  OK  [0m] Started Load AppArmor profiles managed internally by snapd.
[    6.381589] cloud-init[607]: Cloud-init v. 20.3-2-g371b392c-0ubuntu1~16.04.1 running 'init-local' at Sat, 02 Jan 2021 18:30:42 +0000. Up 6.04 seconds.
[[0;32m  OK  [0m] Started Initial cloud-init job (pre-networking).
[[0;32m  OK  [0m] Reached target Network (Pre).
         Starting Raise network interfaces...
[[0;32m  OK  [0m] Started Raise network interfaces.
[[0;32m  OK  [0m] Reached target Network.
         Starting Initial cloud-init job (metadata service crawler)...
[    7.142125] cloud-init[963]: Cloud-init v. 20.3-2-g371b392c-0ubuntu1~16.04.1 running 'init' at Sat, 02 Jan 2021 18:30:43 +0000. Up 6.74 seconds.
[    7.143363] cloud-init[963]: ci-info: ++++++++++++++++++++++++++++++++++++++Net device info+++++++++++++++++++++++++++++++++++++++
[    7.144482] cloud-init[963]: ci-info: +--------+-------+----------------------------+---------------+--------+-------------------+
[    7.145620] cloud-init[963]: ci-info: | Device |   Up  |          Address           |      Mask     | Scope  |     Hw-Address    |
[    7.146723] cloud-init[963]: ci-info: +--------+-------+----------------------------+---------------+--------+-------------------+
[    7.164454] cloud-init[963]: ci-info: | enp0s3 |  True |         10.0.2.15          | 255.255.255.0 | global | 02:8b:9b:7c:43:4a |
[    7.166364] cloud-init[963]: ci-info: | enp0s3 |  True | fe80::8b:9bff:fe7c:434a/64 |       .       |  link  | 02:8b:9b:7c:43:4a |
[    7.167893] cloud-init[963]: ci-info: | enp0s8 | False |             .              |       .       |   .    | 08:00:27:c7:bc:4e |
[    7.168982] cloud-init[963]: ci-info: |   lo   |  True |         127.0.0.1          |   255.0.0.0   |  host  |         .         |
[    7.170045] cloud-init[963]: ci-info: |   lo   |  True |          ::1/128           |       .       |  host  |         .         |
[    7.171105] cloud-init[963]: ci-info: +--------+-------+----------------------------+---------------+--------+-------------------+
[    7.196311] cloud-init[963]: ci-info: +++++++++++++++++++++++++++Route IPv4 info++++++++++++++++++++++++++++
[[0;32m  OK  [0m] Started Initial cloud-init job (metadata service crawler).
[    7.199649] cloud-init[963]: ci-info: +-------+-------------+----------+---------------+-----------+-------+[[0;32m  OK  [0m] Reached target System Initialization.
[[0;32m  OK  [0m] Listening on UUID daemon activation socket.

[    7.201789] cloud-init[963]: ci-info: | Route | Destination | Gateway  |    Genmask    | Interface | Flags |
[    7.202631] cloud-init[963]: ci-info: +-------+-------------+----------+---------------+-----------+-------+
         Starting LXD - unix socket.
[[0;32m  OK  [0m] Started Message of the Day.
[    7.205555] cloud-init[963]: ci-info: |   0   |   0.0.0.0   | 10.0.2.2 |    0.0.0.0    |   enp0s3  |   UG  |
[    7.206604] cloud-init[963]: ci-info: |   1   |   10.0.2.0  | 0.0.0.0  | 255.255.255.0 |   enp0s3  |   U   |
[    7.207868] [[0;32m  OK  [0m] Started Daily Cleanup of Temporary Directories.
[[0;32m  OK  [0m] Listening on ACPID Listen Socket.
[[0;32m  OK  [0m] Started Daily apt download activities.
[[0;32m  OK  [0m] Started Daily apt upgrade and clean activities.
[[0;32m  OK  [0m] Reached target Timers.
[[0;32m  OK  [0m] Listening on D-Bus System Message Bus Socket.
         Starting Socket activation for snappy daemon.
cloud-init[963]: ci-info: +-------+-------------+----------+---------------+-----------+-------+
[    7.213011] cloud-init[963]: ci-info: +++++++++++++++++++Route IPv6 info+++++++++++++++++++
[    7.213790] cloud-init[963]: ci-info: +-------+-------------+---------+-----------+-------+
[    7.214459] cloud-init[963]: ci-info: | Route | Destination | Gateway | Interface | Flags |
[    7.220127] cloud-init[963]: ci-info: +-------+-------------+---------+-----------+-------+
[    7.220920] cloud-init[963]: ci-info: |   0   |  fe80::/64  |    ::   |   enp0s3  |   U   |
[    7.221766] cloud-init[963]: ci-info: |   3   |   ff00::/8  |    ::   |   enp0s3  |   U   |
[    7.222587] cloud-init[963]: ci-info: +-------+-------------+---------+-----------+-------+
[[0;32m  OK  [0m] Started ACPI Events Check.
[[0;32m  OK  [0m] Reached target Paths.
[[0;32m  OK  [0m] Reached target Network is Online.
[    7.225821] cloud-init[963]: Generating public/private rsa key pair.
         Starting iSCSI initiator daemon (iscsid)...
[    7.227933] cloud-init[963]: Your identification has been saved in /etc/ssh/ssh_host_rsa_key.
[[0;32m  OK  [0m] Reached target Cloud-config availability.
[    7.229676] cloud-init[963]: Your public key has been saved in /etc/ssh/ssh_host_rsa_key.pub.
[[0;32m  OK  [0m] Listening on LXD - unix socket.
[    7.232125] cloud-init[963]: The key fingerprint is:
[[0;32m  OK  [0m] Listening on Socket activation for snappy daemon.
[[0;32m  OK  [0m] Reached target Sockets.
[[0;32m  OK  [0m] Reached target Basic System.
[    7.236537] cloud-init[963]: SHA256:zZbd2NB1RgsCpQKvJq7D62lGMP5Vcuo9zwj8bNdQ9AI root@ubuntu-xenial
[    7.240257] cloud-init[963]: The key's randomart image is:
         Starting /etc/rc.local Compatibility...
         Starting Accounts Service...
[    7.243355] cloud-init[963]: +---[RSA 2048]----+
[    7.244334] cloud-init[963]: |     .   .oo . .=|
[    7.245976] cloud-init[963]: |      o  E.....oo|
[    7.246587] cloud-init[963]: |       o .o o .. |
[    7.247687] cloud-init[963]: |o    ..o.o = *   |
[    7.249674] cloud-init[[0;32m  OK  [0m] Started Regular background program processing daemon.
         Starting Pollinate to seed the pseudo random number generator...
[963]: |o. . o= S * + o  |
[    7.253770] cloud-init[963]: | o. +o   o       |
[[0;32m  OK  [0m] Started ACPI event daemon.
         Starting Login Service...
         Starting System Logging Service...
[    7.255605]          Starting Snap Daemon...
         Starting LSB: Record successful boot for GRUB...
         Starting LSB: MD monitoring daemon...
[[0;32m  OK  [0m] Started D-Bus System Message Bus.
cloud-init[963]: |o ..oo.   o      |
[    7.284438] cloud-init[963]: | =o. .++o. .     |
[    7.298582] cloud-init[963]: |+=o   .++o       |
[    7.300963] cloud-init[963]: +----[SHA256]-----+
[[0;32m  OK  [0m] Started FUSE filesystem for LXC.
         Starting Virtualbox guest utils...
[[0;32m  OK  [0m] Started Deferred execution scheduler.
         Starting LXD - container startup/shutdown...
[    7.310870] cloud-init[963]: Generating public/private dsa key pair.
[[0;32m  OK  [0m] Started System Logging Service.
[[0;32m  OK  [0m] Started /etc/rc.local Compatibility.
[    7.325104] cloud-init[963]: Your identification has been saved in /etc/ssh/ssh_host_dsa_key.
[    7.336762] cloud-init[963]: Your public key has been saved in /etc/ssh/ssh_host_dsa_key.pub.
         Starting Authenticate and Authorize Users to Run Privileged Tasks...
[    7.361439] cloud-init[963]: The key fingerprint is:
[[0;32m  OK  [0m] Started iSCSI initiator daemon (iscsid).
[[0;32m  OK  [0m] Started Login Service.
[[0;32m  OK  [0m] Started Unattended Upgrades Shutdown.
         Starting Login to default iSCSI targets...
[    7.372478] cloud-init[963]: SHA256:NqOCJT8SgoBFdisSX3u+NDEvlXBEcDRMUqTXkL9WdQ4 root@ubuntu-xenial
[[0;32m  OK  [0m] Started LSB: Record successful boot for GRUB.
[    7.384922] cloud-init[963]: The key's randomart image is:
[    7.390906] [[0;32m  OK  [0m] Started Login to default iSCSI targets.
[[0;32m  OK  [0m] Reached target Remote File Systems (Pre).
[[0;32m  OK  [0m] Reached target Remote File Systems.
         Starting LSB: daemon to balance interrupts for SMP systems...
         Starting Permit User Sessions...
         Starting LSB: Set the CPU Frequency Scaling governor to "ondemand"...
         cloud-init[963]: +---[DSA 1024]----+
Starting LSB: automatic crash report generation...
[[0;32m  OK  [0m] Started Permit User Sessions.
         Starting Hold until boot process finishes up...
         Starting Terminate Plymouth Boot Screen...
[[0;32m  OK  [0m] Started Hold until boot process finishes up.
         Starting Set console scheme...
[[0;32m  OK  [0m] Started Getty on tty1.
[[0;32m  OK  [0m] Started Serial Getty on ttyS0.
[[0;32m  OK  [0m] Reached target Login Prompts.
[[0;32m  OK  [0m] Started Terminate Plymouth Boot Screen.
[[0;32m  OK  [0m] Started Set console scheme.
[    7.438236] cloud-init[963]: |..+ o +X%.       |
[[0;32m  OK  [0m] Started Authenticate and Authorize Users to Run Privileged Tasks.
[[0;32m  OK  [0m] Started Accounts Service.
[    7.457531] cloud-init[963]: |.= o o *o=    E .|
[[0;32m  OK  [0m] Started LSB: Set the CPU Frequency Scaling governor to "ondemand".
[[0;32m  OK  [0m] Started LSB: MD monitoring daemon.
[    7.468882] cloud-init[963]: |+ o o = +..  . + |
[    7.475864] cloud-init[963]: |o. . o *  . .   .|
[    7.481324] cloud-init[963]: |o o . = S  o     |
[[0;32m  OK  [0m] Started LSB: automatic crash report generation.
[[0;32m  OK  [0m] Started LSB: daemon to balance interrupts for SMP systems.
[    7.489956] cloud-init[963]: | . * . * oo      |
[    7.503433] cloud-init[963]: |  o + o  .       |
[    7.514948] cloud-init[963]: |   . o           |
[    7.515687] cloud-init[963]: |                 |
[    7.517243] cloud-init[963]: +----[SHA256]-----+
[    7.519321] cloud-init[963]: Generating public/private ecdsa key pair.
[    7.520352] cloud-init[963]: Your identification has been saved in /etc/ssh/ssh_host_ecdsa_key.
[    7.522582] [[0;32m  OK  [0m] Started LXD - container startup/shutdown.
cloud-init[963]: Your public key has been saved in /etc/ssh/ssh_host_ecdsa_key.pub.
[    7.530462] cloud-init[963]: The key fingerprint is:
[    7.532488] cloud-init[963]: SHA256:/TyeAhVJr9WUoiEQ2Zo72IHEO6v1Utm+AFnHXBepD6c root@ubuntu-xenial
[    7.533225] cloud-init[963]: The key's randomart image is:
[    7.533697] cloud-init[963]: +---[ECDSA 256]---+
[    7.534333] cloud-init[963]: |   .  o= .o.oo.. |
[    7.539335] cloud-init[963]: |    o .oo.+ooo.  |
[    7.540930] cloud-init[963]: |   . o.o+. =o..  |
[    7.543879] cloud-init[963]: |    +o+. .=o.    |
[    7.554278] cloud-init[963]: |    o= =S.o=     |
[    7.555330] cloud-init[963]: |    +.* o Eo.    |
[    7.557698] cloud-init[963]: |   o o.o .  +    |
[    7.558653] cloud-init[963]: |  . . ... .. o   |
[    7.565029] cloud-init[963]: |     .  .. .o    |
[    7.565866] cloud-init[963]: +----[SHA256]-----+
[    7.568699] cloud-init[963]: Generating public/private ed25519 key pair.
[[0;32m  OK  [0m] Started Virtualbox guest utils.
[    7.571346] cloud-init[963]: Your identification has been saved in /etc/ssh/ssh_host_ed25519_key.
[    7.579238] cloud-init[963]: Your public key has been saved in /etc/ssh/ssh_host_ed25519_key.pub.
[    7.585497] cloud-init[963]: The key fingerprint is:
[    7.586572] cloud-init[963]: SHA256:qSsOy6DigOoTuUcBkSq1c0Giy0k+lYPJ54Bz7keAyRw root@ubuntu-xenial
[    7.588507] cloud-init[963]: The key's randomart image is:
[    7.589353] cloud-init[963]: +--[ED25519 256]--+
[    7.590518] cloud-init[963]: | E+..            |
[    7.591641] cloud-init[963]: |=*=.o            |
[    7.593231] cloud-init[963]: |BX+* .           |
[    7.594051] cloud-init[963]: |*=Ooo    .       |
[    7.594796] cloud-init[963]: |o=o+o   S        |
[    7.595493] cloud-init[963]: |.+.o   .         |
[    7.596191] cloud-init[963]: |+ * . .          |
[    7.604346] cloud-init[963]: |== =.  .         |
[    7.612312] cloud-init[963]: |*o=....          |
[    7.612813] cloud-init[963]: +----[SHA256]-----+
[[0;32m  OK  [0m] Started Snap Daemon.
         Starting Wait until snapd is fully seeded...
[[0;32m  OK  [0m] Started Pollinate to seed the pseudo random number generator.
         Starting OpenBSD Secure Shell server...
[[0;32m  OK  [0m] Started OpenBSD Secure Shell server.
[[0;32m  OK  [0m] Started Wait until snapd is fully seeded.
[[0;32m  OK  [0m] Reached target Multi-User System.
[[0;32m  OK  [0m] Reached target Graphical Interface.
         Starting Update UTMP about System Runlevel Changes...
         Starting Apply the settings specified in cloud-config...
[[0;32m  OK  [0m] Started Update UTMP about System Runlevel Changes.
[   10.123830] cloud-init[1324]: Generating locales (this might take a while)...
[   10.663953] cloud-init[1324]:   en_US.UTF-8... done
[   10.665844] cloud-init[1324]: Generation complete.
[   10.886823] cloud-init[1324]: Cloud-init v. 20.3-2-g371b392c-0ubuntu1~16.04.1 running 'modules:config' at Sat, 02 Jan 2021 18:30:46 +0000. Up 10.05 seconds.
[[0;32m  OK  [0m] Started Apply the settings specified in cloud-config.
         Starting Execute cloud user/final scripts...
ci-info: no authorized SSH keys fingerprints found for user ubuntu.
<14>Jan  2 18:30:48 ec2: 
<14>Jan  2 18:30:48 ec2: #############################################################
<14>Jan  2 18:30:48 ec2: -----BEGIN SSH HOST KEY FINGERPRINTS-----
<14>Jan  2 18:30:48 ec2: 1024 SHA256:NqOCJT8SgoBFdisSX3u+NDEvlXBEcDRMUqTXkL9WdQ4 root@ubuntu-xenial (DSA)
<14>Jan  2 18:30:48 ec2: 256 SHA256:/TyeAhVJr9WUoiEQ2Zo72IHEO6v1Utm+AFnHXBepD6c root@ubuntu-xenial (ECDSA)
<14>Jan  2 18:30:48 ec2: 256 SHA256:qSsOy6DigOoTuUcBkSq1c0Giy0k+lYPJ54Bz7keAyRw root@ubuntu-xenial (ED25519)
<14>Jan  2 18:30:48 ec2: 2048 SHA256:zZbd2NB1RgsCpQKvJq7D62lGMP5Vcuo9zwj8bNdQ9AI root@ubuntu-xenial (RSA)
<14>Jan  2 18:30:48 ec2: -----END SSH HOST KEY FINGERPRINTS-----
<14>Jan  2 18:30:48 ec2: #############################################################
-----BEGIN SSH HOST KEY KEYS-----
ecdsa-sha2-nistp256 AAAAE2VjZHNhLXNoYTItbmlzdHAyNTYAAAAIbmlzdHAyNTYAAABBBHqUD7ErNGnVz81ypZZZzjcZBOgzXtEPDxxZxR78FnmokztAIzhPAcleRoggWWqtDbreObvTOjVpmuNEtaW3E7I= root@ubuntu-xenial
ssh-ed25519 AAAAC3NzaC1lZDI1NTE5AAAAIB1LzSm050saxpTC0c3Os8SReqdgsa9WWOo+u3aViwIE root@ubuntu-xenial
ssh-rsa AAAAB3NzaC1yc2EAAAADAQABAAABAQDJlLFbEtrZNjpBOj+eyFDhChf9EX1Fvzs5pTRTy4fSBs9B4ZA4P4wGtQ9Ny25e4SupE5dQSrURxQS0HDwEqDAVrNP6/R4ttKFUvFq4KsntjBAlnrQL1/a7jEvBjuaWhm3bSPhN4fMwpFV2hWzwx1cBsmVIbMlXMW4YL2mbLvaoxQhe7UWg5PKx89IydvQsNww4Awthz/XQRxnOV1cQIB7k8QAJHILbVOpJq/r94BffZCgcpvRnEeVdhSh73t/wq0ugVlOgKDrbmxDEiLT0LE3IKVzlS0RRXl7KOKZTMheNEgOAMgIcwsYGth9k67jGrYN+0epad6WbGpmXMKuOOWbD root@ubuntu-xenial
-----END SSH HOST KEY KEYS-----
[   11.233901] cloud-init[1368]: Cloud-init v. 20.3-2-g371b392c-0ubuntu1~16.04.1 running 'modules:final' at Sat, 02 Jan 2021 18:30:48 +0000. Up 11.12 seconds.
[   11.235341] cloud-init[1368]: ci-info: no authorized SSH keys fingerprints found for user ubuntu.
[   11.236353] cloud-init[1368]: Cloud-init v. 20.3-2-g371b392c-0ubuntu1~16.04.1 finished at Sat, 02 Jan 2021 18:30:48 +0000. Datasource DataSourceNoCloud [seed=/dev/sdb][dsmode=net].  Up 11.22 seconds
[[0;32m  OK  [0m] Started Execute cloud user/final scripts.
[[0;32m  OK  [0m] Reached target Cloud-init target.

Ubuntu 16.04.7 LTS ubuntu-xenial ttyS0

ubuntu-xenial [[0;32m  OK  [0m] Stopped Unattended Upgrades Shutdown.
         Unmounting /vagrant...
[[0;32m  OK  [0m] Stopped target Graphical Interface.
[[0;32m  OK  [0m] Closed Load/Save RF Kill Switch Status /dev/rfkill Watch.
         Stopping Session 8 of user vagrant.
         Stopping ACPI event daemon...
         Stopping Authenticate and Authorize Users to Run Privileged Tasks...
         Stopping Session 18 of user vagrant.
[[0;32m  OK  [0m] Stopped target Timers.
[[0;32m  OK  [0m] Stopped Daily Cleanup of Temporary Directories.
[[0;32m  OK  [0m] Stopped Message of the Day.
         Stopping Accounts Service...
         Stopping Daemon for generating UUIDs...
[[0;32m  OK  [0m] Stopped target Cloud-init target.
[[0;32m  OK  [0m] Stopped Execute cloud user/final scripts.
[[0;32m  OK  [0m] Stopped target Multi-User System.
         Stopping LSB: MD monitoring daemon...
         Stopping D-Bus System Message Bus...
         Stopping Deferred execution scheduler...
         Stopping LXD - container startup/shutdown...
         Stopping LSB: daemon to balance interrupts for SMP systems...
         Stopping FUSE filesystem for LXC...
[[0;32m  OK  [0m] Stopped target Login Prompts.
         Stopping Getty on tty1...
         Stopping LSB: automatic crash report generation...
         Stopping LSB: Record successful boot for GRUB...
         Stopping System Logging Service...
         Stopping Regular background program processing daemon...
         Stopping LSB: Set the CPU Frequency Scaling governor to "ondemand"...
[[0;32m  OK  [0m] Stopped Apply the settings specified in cloud-config.
[[0;32m  OK  [0m] Stopped target Cloud-config availability.
[[0;32m  OK  [0m] Stopped Wait until snapd is fully seeded.
[[0;32m  OK  [0m] Stopped Daily apt upgrade and clean activities.
[[0;32m  OK  [0m] Stopped Daily apt download activities.
[[0;32m  OK  [0m] Stopped target System Time Synchronized.
         Stopping User Manager for UID 1000...
         Stopping Serial Getty on ttyS0...
         Stopping Virtualbox guest utils...
         Stopping OpenBSD Secure Shell server...
[[0;32m  OK  [0m] Unmounted /var/lib/lxcfs.
[[0;32m  OK  [0m] Stopped Deferred execution scheduler.
[[0;32m  OK  [0m] Stopped System Logging Service.
[[0;32m  OK  [0m] Stopped Regular background program processing daemon.
[[0;32m  OK  [0m] Stopped Accounts Service.
[[0;32m  OK  [0m] Stopped ACPI event daemon.
[[0;32m  OK  [0m] Stopped Authenticate and Authorize Users to Run Privileged Tasks.
[[0;32m  OK  [0m] Stopped Getty on tty1.
[[0;32m  OK  [0m] Stopped Serial Getty on ttyS0.
[[0;32m  OK  [0m] Stopped OpenBSD Secure Shell server.
[[0;32m  OK  [0m] Stopped Daemon for generating UUIDs.
[[0;32m  OK  [0m] Stopped User Manager for UID 1000.
[[0;32m  OK  [0m] Stopped Session 8 of user vagrant.
[[0;32m  OK  [0m] Unmounted /vagrant.
[[0;32m  OK  [0m] Stopped Session 18 of user vagrant.
[[0;32m  OK  [0m] Stopped D-Bus System Message Bus.
[[0;32m  OK  [0m] Stopped FUSE filesystem for LXC.
[[0;32m  OK  [0m] Stopped LXD - container startup/shutdown.
[[0;32m  OK  [0m] Stopped LSB: automatic crash report generation.
[[0;32m  OK  [0m] Stopped LSB: MD monitoring daemon.
[[0;32m  OK  [0m] Stopped LSB: Set the CPU Frequency Scaling governor to "ondemand".
[[0;32m  OK  [0m] Stopped LSB: Record successful boot for GRUB.
[[0;32m  OK  [0m] Removed slice User Slice of vagrant.
         Stopping Login Service...
[[0;32m  OK  [0m] Removed slice system-serial\x2dgetty.slice.
         Stopping Permit User Sessions...
[[0;32m  OK  [0m] Stopped /etc/rc.local Compatibility.
[[0;32m  OK  [0m] Removed slice system-getty.slice.
[[0;32m  OK  [0m] Stopped Login Service.
[[0;32m  OK  [0m] Stopped LSB: daemon to balance interrupts for SMP systems.
[[0;32m  OK  [0m] Stopped Permit User Sessions.
[[0;32m  OK  [0m] Stopped target Remote File Systems.
[[0;32m  OK  [0m] Stopped target Remote File Systems (Pre).
         Stopping Login to default iSCSI targets...
[[0;32m  OK  [0m] Stopped target User and Group Name Lookups.
[[0;32m  OK  [0m] Stopped Virtualbox guest utils.
[[0;32m  OK  [0m] Stopped target Basic System.
[[0;32m  OK  [0m] Stopped target Paths.
[[0;32m  OK  [0m] Stopped Forward Password Requests to Wall Directory Watch.
[[0;32m  OK  [0m] Stopped Dispatch Password Requests to Console Directory Watch.
[[0;32m  OK  [0m] Stopped ACPI Events Check.
[[0;32m  OK  [0m] Stopped target Slices.
[[0;32m  OK  [0m] Removed slice User and Session Slice.
[[0;32m  OK  [0m] Stopped target Sockets.
[[0;32m  OK  [0m] Closed LXD - unix socket.
[[0;32m  OK  [0m] Closed Socket activation for snappy daemon.
[[0;32m  OK  [0m] Closed UUID daemon activation socket.
[[0;32m  OK  [0m] Closed D-Bus System Message Bus Socket.
[[0;32m  OK  [0m] Closed Syslog Socket.
[[0;32m  OK  [0m] Closed ACPID Listen Socket.
[[0;32m  OK  [0m] Stopped target System Initialization.
[[0;32m  OK  [0m] Stopped target Swap.
[[0;32m  OK  [0m] Stopped Commit a transient machine-id on disk.
         Stopping Load/Save Random Seed...
[[0;32m  OK  [0m] Stopped target Encrypted Volumes.
         Stopping Update UTMP about System Boot/Shutdown...
[[0;32m  OK  [0m] Stopped Load/Save Random Seed.
[[0;32m  OK  [0m] Stopped Update UTMP about System Boot/Shutdown.
[[0;32m  OK  [0m] Stopped Create Volatile Files and Directories.
[[0;32m  OK  [0m] Stopped Login to default iSCSI targets.
         Stopping iSCSI initiator daemon (iscsid)...
[[0;32m  OK  [0m] Stopped iSCSI initiator daemon (iscsid).
[[0;32m  OK  [0m] Stopped target Network is Online.
[[0;32m  OK  [0m] Stopped Initial cloud-init job (metadata service crawler).
[[0;32m  OK  [0m] Stopped target Network.
         Stopping Raise network interfaces...
[[0;32m  OK  [0m] Stopped Raise network interfaces.
[[0;32m  OK  [0m] Stopped target Network (Pre).
[[0;32m  OK  [0m] Stopped Initial cloud-init job (pre-networking).
[[0;32m  OK  [0m] Stopped Apply Kernel Variables.
[[0;32m  OK  [0m] Stopped target Local File Systems.
         Unmounting /run/user/1000...
[[0;32m  OK  [0m] Stopped Load Kernel Modules.
[[0;32m  OK  [0m] Unmounted /run/user/1000.
[[0;32m  OK  [0m] Reached target Unmount All Filesystems.
[[0;32m  OK  [0m] Stopped target Local File Systems (Pre).
[[0;32m  OK  [0m] Stopped Create Static Device Nodes in /dev.
         Stopping Monitoring of LVM2 mirrors... dmeventd or progress polling...
[[0;32m  OK  [0m] Stopped Remount Root and Kernel File Systems.
[[0;32m  OK  [0m] Reached target Shutdown.
[34092.588102] reboot: Power down
